{"meta": {"format": 3, "version": "7.13.5", "timestamp": "2026-04-20T15:10:08.114163", "branch_coverage": true, "show_contexts": false}, "files": {"C:\\Users\\miaot\\AppData\\Local\\Programs\\Python\\Python312\\Lib\\site-packages\\vcfpy\\__init__.py": {"executed_lines": [], "summary": {"covered_lines": 0, "num_statements": 7, "percent_covered": 0.0, "percent_covered_display": "0", "missing_lines": 7, "excluded_lines": 0, "percent_statements_covered": 0.0, "percent_statements_covered_display": "0", "num_branches": 0, "num_partial_branches": 0, "covered_branches": 0, "missing_branches": 0, "percent_branches_covered": 100.0, "percent_branches_covered_display": "100"}, "missing_lines": [3, 10, 27, 28, 54, 55, 57], "excluded_lines": [], "executed_branches": [], "missing_branches": [], "functions": {"": {"executed_lines": [], "summary": {"covered_lines": 0, "num_statements": 7, "percent_covered": 0.0, "percent_covered_display": "0", "missing_lines": 7, "excluded_lines": 0, "percent_statements_covered": 0.0, "percent_statements_covered_display": "0", "num_branches": 0, "num_partial_branches": 0, "covered_branches": 0, "missing_branches": 0, "percent_branches_covered": 100.0, "percent_branches_covered_display": "100"}, "missing_lines": [3, 10, 27, 28, 54, 55, 57], "excluded_lines": [], "start_line": 1, "executed_branches": [], "missing_branches": []}}, "classes": {"": {"executed_lines": [], "summary": {"covered_lines": 0, "num_statements": 7, "percent_covered": 0.0, "percent_covered_display": "0", "missing_lines": 7, "excluded_lines": 0, "percent_statements_covered": 0.0, "percent_statements_covered_display": "0", "num_branches": 0, "num_partial_branches": 0, "covered_branches": 0, "missing_branches": 0, "percent_branches_covered": 100.0, "percent_branches_covered_display": "100"}, "missing_lines": [3, 10, 27, 28, 54, 55, 57], "excluded_lines": [], "start_line": 1, "executed_branches": [], "missing_branches": []}}}, "C:\\Users\\miaot\\AppData\\Local\\Programs\\Python\\Python312\\Lib\\site-packages\\vcfpy\\bgzf.py": {"executed_lines": [], "summary": {"covered_lines": 0, "num_statements": 180, "percent_covered": 0.0, "percent_covered_display": "0", "missing_lines": 180, "excluded_lines": 177, "percent_statements_covered": 0.0, "percent_statements_covered_display": "0", "num_branches": 24, "num_partial_branches": 0, "covered_branches": 0, "missing_branches": 24, "percent_branches_covered": 0.0, "percent_branches_covered_display": "0"}, "missing_lines": [27, 28, 29, 30, 31, 35, 36, 37, 40, 43, 80, 81, 82, 83, 84, 87, 105, 106, 107, 110, 118, 127, 132, 136, 141, 153, 157, 163, 164, 170, 175, 179, 182, 184, 197, 199, 202, 203, 210, 211, 212, 221, 222, 223, 224, 225, 226, 227, 228, 230, 232, 235, 236, 237, 238, 239, 244, 245, 246, 247, 256, 257, 259, 271, 273, 276, 277, 279, 287, 289, 293, 294, 295, 297, 307, 308, 309, 310, 311, 312, 369, 371, 372, 374, 375, 377, 378, 380, 381, 384, 387, 427, 428, 433, 436, 440, 443, 444, 445, 446, 447, 448, 449, 450, 451, 453, 454, 458, 462, 464, 465, 466, 467, 473, 474, 475, 476, 477, 478, 479, 481, 482, 483, 484, 486, 503, 507, 508, 509, 512, 515, 518, 524, 526, 531, 532, 533, 536, 537, 540, 541, 548, 550, 552, 553, 554, 561, 563, 565, 568, 569, 572, 573, 575, 576, 578, 580, 582, 583, 584, 585, 591, 593, 594, 595, 596, 628, 629, 631, 637, 639, 640, 641, 642, 643, 644, 658, 660, 662, 664], "excluded_lines": [44, 119, 120, 123, 124, 128, 129, 133, 134, 137, 138, 142, 143, 146, 147, 149, 150, 154, 155, 166, 167, 171, 172, 176, 177, 185, 186, 189, 190, 193, 194, 214, 215, 216, 217, 218, 219, 241, 242, 268, 269, 280, 282, 283, 284, 285, 290, 291, 292, 304, 305, 314, 315, 316, 318, 319, 320, 322, 323, 324, 326, 327, 328, 329, 331, 332, 333, 334, 336, 337, 338, 339, 341, 342, 343, 345, 346, 347, 349, 350, 351, 353, 354, 355, 357, 358, 359, 361, 362, 363, 365, 366, 367, 422, 423, 430, 431, 434, 435, 438, 439, 459, 460, 461, 469, 471, 488, 489, 490, 491, 492, 493, 494, 495, 496, 497, 498, 499, 500, 501, 513, 514, 516, 517, 528, 529, 538, 539, 542, 543, 544, 545, 546, 556, 558, 559, 560, 566, 567, 587, 588, 589, 598, 599, 600, 602, 603, 604, 606, 607, 608, 610, 611, 612, 614, 615, 616, 618, 619, 620, 621, 623, 624, 625, 626, 633, 634, 635, 646, 647, 648, 650, 651, 652, 654, 655, 656], "executed_branches": [], "missing_branches": [[80, 81], [80, 82], [82, 83], [82, 84], [307, 308], [307, 309], [371, -369], [371, 372], [474, 475], [474, 476], [509, 512], [509, 515], [532, 533], [532, 548], [553, 554], [553, 578], [561, 563], [561, 572], [583, 584], [583, 585], [640, 641], [640, 644], [642, 640], [642, 643]], "functions": {"make_virtual_offset": {"executed_lines": [], "summary": {"covered_lines": 0, "num_statements": 5, "percent_covered": 0.0, "percent_covered_display": "0", "missing_lines": 5, "excluded_lines": 1, "percent_statements_covered": 0.0, "percent_statements_covered_display": "0", "num_branches": 4, "num_partial_branches": 0, "covered_branches": 0, "missing_branches": 4, "percent_branches_covered": 0.0, "percent_branches_covered_display": "0"}, "missing_lines": [80, 81, 82, 83, 84], "excluded_lines": [44], "start_line": 43, "executed_branches": [], "missing_branches": [[80, 81], [80, 82], [82, 83], [82, 84]]}, "split_virtual_offset": {"executed_lines": [], "summary": {"covered_lines": 0, "num_statements": 3, "percent_covered": 0.0, "percent_covered_display": "0", "missing_lines": 3, "excluded_lines": 0, "percent_statements_covered": 0.0, "percent_statements_covered_display": "0", "num_branches": 0, "num_partial_branches": 0, "covered_branches": 0, "missing_branches": 0, "percent_branches_covered": 100.0, "percent_branches_covered_display": "100"}, "missing_lines": [105, 106, 107], "excluded_lines": [], "start_line": 87, "executed_branches": [], "missing_branches": []}, "_load_bgzf_block": {"executed_lines": [], "summary": {"covered_lines": 0, "num_statements": 16, "percent_covered": 0.0, "percent_covered_display": "0", "missing_lines": 16, "excluded_lines": 30, "percent_statements_covered": 0.0, "percent_statements_covered_display": "0", "num_branches": 0, "num_partial_branches": 0, "covered_branches": 0, "missing_branches": 0, "percent_branches_covered": 100.0, "percent_branches_covered_display": "100"}, "missing_lines": [118, 127, 132, 136, 141, 153, 157, 163, 164, 170, 175, 179, 182, 184, 197, 199], "excluded_lines": [119, 120, 123, 124, 128, 129, 133, 134, 137, 138, 142, 143, 146, 147, 149, 150, 154, 155, 166, 167, 171, 172, 176, 177, 185, 186, 189, 190, 193, 194], "start_line": 110, "executed_branches": [], "missing_branches": []}, "BgzfWriter.__init__": {"executed_lines": [], "summary": {"covered_lines": 0, "num_statements": 11, "percent_covered": 0.0, "percent_covered_display": "0", "missing_lines": 11, "excluded_lines": 6, "percent_statements_covered": 0.0, "percent_statements_covered_display": "0", "num_branches": 0, "num_partial_branches": 0, "covered_branches": 0, "missing_branches": 0, "percent_branches_covered": 100.0, "percent_branches_covered_display": "100"}, "missing_lines": [210, 211, 212, 221, 222, 223, 224, 225, 226, 227, 228], "excluded_lines": [214, 215, 216, 217, 218, 219], "start_line": 203, "executed_branches": [], "missing_branches": []}, "BgzfWriter._write_block": {"executed_lines": [], "summary": {"covered_lines": 0, "num_statements": 12, "percent_covered": 0.0, "percent_covered_display": "0", "missing_lines": 12, "excluded_lines": 2, "percent_statements_covered": 0.0, "percent_statements_covered_display": "0", "num_branches": 0, "num_partial_branches": 0, "covered_branches": 0, "missing_branches": 0, "percent_branches_covered": 100.0, "percent_branches_covered_display": "100"}, "missing_lines": [232, 235, 236, 237, 238, 239, 244, 245, 246, 247, 256, 257], "excluded_lines": [241, 242], "start_line": 230, "executed_branches": [], "missing_branches": []}, "BgzfWriter.write": {"executed_lines": [], "summary": {"covered_lines": 0, "num_statements": 6, "percent_covered": 0.0, "percent_covered_display": "0", "missing_lines": 6, "excluded_lines": 7, "percent_statements_covered": 0.0, "percent_statements_covered_display": "0", "num_branches": 0, "num_partial_branches": 0, "covered_branches": 0, "missing_branches": 0, "percent_branches_covered": 100.0, "percent_branches_covered_display": "100"}, "missing_lines": [271, 273, 276, 277, 279, 287], "excluded_lines": [268, 269, 280, 282, 283, 284, 285], "start_line": 259, "executed_branches": [], "missing_branches": []}, "BgzfWriter.flush": {"executed_lines": [], "summary": {"covered_lines": 0, "num_statements": 3, "percent_covered": 0.0, "percent_covered_display": "0", "missing_lines": 3, "excluded_lines": 3, "percent_statements_covered": 0.0, "percent_statements_covered_display": "0", "num_branches": 0, "num_partial_branches": 0, "covered_branches": 0, "missing_branches": 0, "percent_branches_covered": 100.0, "percent_branches_covered_display": "100"}, "missing_lines": [293, 294, 295], "excluded_lines": [290, 291, 292], "start_line": 289, "executed_branches": [], "missing_branches": []}, "BgzfWriter.close": {"executed_lines": [], "summary": {"covered_lines": 0, "num_statements": 6, "percent_covered": 0.0, "percent_covered_display": "0", "missing_lines": 6, "excluded_lines": 2, "percent_statements_covered": 0.0, "percent_statements_covered_display": "0", "num_branches": 2, "num_partial_branches": 0, "covered_branches": 0, "missing_branches": 2, "percent_branches_covered": 0.0, "percent_branches_covered_display": "0"}, "missing_lines": [307, 308, 309, 310, 311, 312], "excluded_lines": [304, 305], "start_line": 297, "executed_branches": [], "missing_branches": [[307, 308], [307, 309]]}, "BgzfWriter.tell": {"executed_lines": [], "summary": {"covered_lines": 0, "num_statements": 0, "percent_covered": 100.0, "percent_covered_display": "100", "missing_lines": 0, "excluded_lines": 2, "percent_statements_covered": 100.0, "percent_statements_covered_display": "100", "num_branches": 0, "num_partial_branches": 0, "covered_branches": 0, "missing_branches": 0, "percent_branches_covered": 100.0, "percent_branches_covered_display": "100"}, "missing_lines": [], "excluded_lines": [315, 316], "start_line": 314, "executed_branches": [], "missing_branches": []}, "BgzfWriter.seekable": {"executed_lines": [], "summary": {"covered_lines": 0, "num_statements": 0, "percent_covered": 100.0, "percent_covered_display": "100", "missing_lines": 0, "excluded_lines": 1, "percent_statements_covered": 100.0, "percent_statements_covered_display": "100", "num_branches": 0, "num_partial_branches": 0, "covered_branches": 0, "missing_branches": 0, "percent_branches_covered": 100.0, "percent_branches_covered_display": "100"}, "missing_lines": [], "excluded_lines": [320], "start_line": 318, "executed_branches": [], "missing_branches": []}, "BgzfWriter.isatty": {"executed_lines": [], "summary": {"covered_lines": 0, "num_statements": 0, "percent_covered": 100.0, "percent_covered_display": "100", "missing_lines": 0, "excluded_lines": 2, "percent_statements_covered": 100.0, "percent_statements_covered_display": "100", "num_branches": 0, "num_partial_branches": 0, "covered_branches": 0, "missing_branches": 0, "percent_branches_covered": 100.0, "percent_branches_covered_display": "100"}, "missing_lines": [], "excluded_lines": [323, 324], "start_line": 322, "executed_branches": [], "missing_branches": []}, "BgzfWriter.closed": {"executed_lines": [], "summary": {"covered_lines": 0, "num_statements": 0, "percent_covered": 100.0, "percent_covered_display": "100", "missing_lines": 0, "excluded_lines": 2, "percent_statements_covered": 100.0, "percent_statements_covered_display": "100", "num_branches": 0, "num_partial_branches": 0, "covered_branches": 0, "missing_branches": 0, "percent_branches_covered": 100.0, "percent_branches_covered_display": "100"}, "missing_lines": [], "excluded_lines": [328, 329], "start_line": 327, "executed_branches": [], "missing_branches": []}, "BgzfWriter.mode": {"executed_lines": [], "summary": {"covered_lines": 0, "num_statements": 0, "percent_covered": 100.0, "percent_covered_display": "100", "missing_lines": 0, "excluded_lines": 2, "percent_statements_covered": 100.0, "percent_statements_covered_display": "100", "num_branches": 0, "num_partial_branches": 0, "covered_branches": 0, "missing_branches": 0, "percent_branches_covered": 100.0, "percent_branches_covered_display": "100"}, "missing_lines": [], "excluded_lines": [333, 334], "start_line": 332, "executed_branches": [], "missing_branches": []}, "BgzfWriter.name": {"executed_lines": [], "summary": {"covered_lines": 0, "num_statements": 0, "percent_covered": 100.0, "percent_covered_display": "100", "missing_lines": 0, "excluded_lines": 2, "percent_statements_covered": 100.0, "percent_statements_covered_display": "100", "num_branches": 0, "num_partial_branches": 0, "covered_branches": 0, "missing_branches": 0, "percent_branches_covered": 100.0, "percent_branches_covered_display": "100"}, "missing_lines": [], "excluded_lines": [338, 339], "start_line": 337, "executed_branches": [], "missing_branches": []}, "BgzfWriter.readable": {"executed_lines": [], "summary": {"covered_lines": 0, "num_statements": 0, "percent_covered": 100.0, "percent_covered_display": "100", "missing_lines": 0, "excluded_lines": 2, "percent_statements_covered": 100.0, "percent_statements_covered_display": "100", "num_branches": 0, "num_partial_branches": 0, "covered_branches": 0, "missing_branches": 0, "percent_branches_covered": 100.0, "percent_branches_covered_display": "100"}, "missing_lines": [], "excluded_lines": [342, 343], "start_line": 341, "executed_branches": [], "missing_branches": []}, "BgzfWriter.writable": {"executed_lines": [], "summary": {"covered_lines": 0, "num_statements": 0, "percent_covered": 100.0, "percent_covered_display": "100", "missing_lines": 0, "excluded_lines": 2, "percent_statements_covered": 100.0, "percent_statements_covered_display": "100", "num_branches": 0, "num_partial_branches": 0, "covered_branches": 0, "missing_branches": 0, "percent_branches_covered": 100.0, "percent_branches_covered_display": "100"}, "missing_lines": [], "excluded_lines": [346, 347], "start_line": 345, "executed_branches": [], "missing_branches": []}, "BgzfWriter.read": {"executed_lines": [], "summary": {"covered_lines": 0, "num_statements": 0, "percent_covered": 100.0, "percent_covered_display": "100", "missing_lines": 0, "excluded_lines": 2, "percent_statements_covered": 100.0, "percent_statements_covered_display": "100", "num_branches": 0, "num_partial_branches": 0, "covered_branches": 0, "missing_branches": 0, "percent_branches_covered": 100.0, "percent_branches_covered_display": "100"}, "missing_lines": [], "excluded_lines": [350, 351], "start_line": 349, "executed_branches": [], "missing_branches": []}, "BgzfWriter.readline": {"executed_lines": [], "summary": {"covered_lines": 0, "num_statements": 0, "percent_covered": 100.0, "percent_covered_display": "100", "missing_lines": 0, "excluded_lines": 2, "percent_statements_covered": 100.0, "percent_statements_covered_display": "100", "num_branches": 0, "num_partial_branches": 0, "covered_branches": 0, "missing_branches": 0, "percent_branches_covered": 100.0, "percent_branches_covered_display": "100"}, "missing_lines": [], "excluded_lines": [354, 355], "start_line": 353, "executed_branches": [], "missing_branches": []}, "BgzfWriter.readlines": {"executed_lines": [], "summary": {"covered_lines": 0, "num_statements": 0, "percent_covered": 100.0, "percent_covered_display": "100", "missing_lines": 0, "excluded_lines": 2, "percent_statements_covered": 100.0, "percent_statements_covered_display": "100", "num_branches": 0, "num_partial_branches": 0, "covered_branches": 0, "missing_branches": 0, "percent_branches_covered": 100.0, "percent_branches_covered_display": "100"}, "missing_lines": [], "excluded_lines": [358, 359], "start_line": 357, "executed_branches": [], "missing_branches": []}, "BgzfWriter.seek": {"executed_lines": [], "summary": {"covered_lines": 0, "num_statements": 0, "percent_covered": 100.0, "percent_covered_display": "100", "missing_lines": 0, "excluded_lines": 2, "percent_statements_covered": 100.0, "percent_statements_covered_display": "100", "num_branches": 0, "num_partial_branches": 0, "covered_branches": 0, "missing_branches": 0, "percent_branches_covered": 100.0, "percent_branches_covered_display": "100"}, "missing_lines": [], "excluded_lines": [362, 363], "start_line": 361, "executed_branches": [], "missing_branches": []}, "BgzfWriter.truncate": {"executed_lines": [], "summary": {"covered_lines": 0, "num_statements": 0, "percent_covered": 100.0, "percent_covered_display": "100", "missing_lines": 0, "excluded_lines": 2, "percent_statements_covered": 100.0, "percent_statements_covered_display": "100", "num_branches": 0, "num_partial_branches": 0, "covered_branches": 0, "missing_branches": 0, "percent_branches_covered": 100.0, "percent_branches_covered_display": "100"}, "missing_lines": [], "excluded_lines": [366, 367], "start_line": 365, "executed_branches": [], "missing_branches": []}, "BgzfWriter.writelines": {"executed_lines": [], "summary": {"covered_lines": 0, "num_statements": 2, "percent_covered": 0.0, "percent_covered_display": "0", "missing_lines": 2, "excluded_lines": 0, "percent_statements_covered": 0.0, "percent_statements_covered_display": "0", "num_branches": 2, "num_partial_branches": 0, "covered_branches": 0, "missing_branches": 2, "percent_branches_covered": 0.0, "percent_branches_covered_display": "0"}, "missing_lines": [371, 372], "excluded_lines": [], "start_line": 369, "executed_branches": [], "missing_branches": [[371, -369], [371, 372]]}, "BgzfWriter.fileno": {"executed_lines": [], "summary": {"covered_lines": 0, "num_statements": 1, "percent_covered": 0.0, "percent_covered_display": "0", "missing_lines": 1, "excluded_lines": 0, "percent_statements_covered": 0.0, "percent_statements_covered_display": "0", "num_branches": 0, "num_partial_branches": 0, "covered_branches": 0, "missing_branches": 0, "percent_branches_covered": 100.0, "percent_branches_covered_display": "100"}, "missing_lines": [375], "excluded_lines": [], "start_line": 374, "executed_branches": [], "missing_branches": []}, "BgzfWriter.__enter__": {"executed_lines": [], "summary": {"covered_lines": 0, "num_statements": 1, "percent_covered": 0.0, "percent_covered_display": "0", "missing_lines": 1, "excluded_lines": 0, "percent_statements_covered": 0.0, "percent_statements_covered_display": "0", "num_branches": 0, "num_partial_branches": 0, "covered_branches": 0, "missing_branches": 0, "percent_branches_covered": 100.0, "percent_branches_covered_display": "100"}, "missing_lines": [378], "excluded_lines": [], "start_line": 377, "executed_branches": [], "missing_branches": []}, "BgzfWriter.__exit__": {"executed_lines": [], "summary": {"covered_lines": 0, "num_statements": 1, "percent_covered": 0.0, "percent_covered_display": "0", "missing_lines": 1, "excluded_lines": 0, "percent_statements_covered": 0.0, "percent_statements_covered_display": "0", "num_branches": 0, "num_partial_branches": 0, "covered_branches": 0, "missing_branches": 0, "percent_branches_covered": 100.0, "percent_branches_covered_display": "100"}, "missing_lines": [381], "excluded_lines": [], "start_line": 380, "executed_branches": [], "missing_branches": []}, "BgzfReader.__init__": {"executed_lines": [], "summary": {"covered_lines": 0, "num_statements": 14, "percent_covered": 0.0, "percent_covered_display": "0", "missing_lines": 14, "excluded_lines": 8, "percent_statements_covered": 0.0, "percent_statements_covered_display": "0", "num_branches": 0, "num_partial_branches": 0, "covered_branches": 0, "missing_branches": 0, "percent_branches_covered": 100.0, "percent_branches_covered_display": "100"}, "missing_lines": [427, 428, 433, 436, 440, 443, 444, 445, 446, 447, 448, 449, 450, 451], "excluded_lines": [422, 423, 430, 431, 434, 435, 438, 439], "start_line": 387, "executed_branches": [], "missing_branches": []}, "BgzfReader._load_block": {"executed_lines": [], "summary": {"covered_lines": 0, "num_statements": 19, "percent_covered": 0.0, "percent_covered_display": "0", "missing_lines": 19, "excluded_lines": 5, "percent_statements_covered": 0.0, "percent_statements_covered_display": "0", "num_branches": 2, "num_partial_branches": 0, "covered_branches": 0, "missing_branches": 2, "percent_branches_covered": 0.0, "percent_branches_covered_display": "0"}, "missing_lines": [454, 458, 462, 464, 465, 466, 467, 473, 474, 475, 476, 477, 478, 479, 481, 482, 483, 484, 486], "excluded_lines": [459, 460, 461, 469, 471], "start_line": 453, "executed_branches": [], "missing_branches": [[474, 475], [474, 476]]}, "BgzfReader.tell": {"executed_lines": [], "summary": {"covered_lines": 0, "num_statements": 0, "percent_covered": 100.0, "percent_covered_display": "100", "missing_lines": 0, "excluded_lines": 13, "percent_statements_covered": 100.0, "percent_statements_covered_display": "100", "num_branches": 0, "num_partial_branches": 0, "covered_branches": 0, "missing_branches": 0, "percent_branches_covered": 100.0, "percent_branches_covered_display": "100"}, "missing_lines": [], "excluded_lines": [489, 490, 491, 492, 493, 494, 495, 496, 497, 498, 499, 500, 501], "start_line": 488, "executed_branches": [], "missing_branches": []}, "BgzfReader.seek": {"executed_lines": [], "summary": {"covered_lines": 0, "num_statements": 7, "percent_covered": 0.0, "percent_covered_display": "0", "missing_lines": 7, "excluded_lines": 4, "percent_statements_covered": 0.0, "percent_statements_covered_display": "0", "num_branches": 2, "num_partial_branches": 0, "covered_branches": 0, "missing_branches": 2, "percent_branches_covered": 0.0, "percent_branches_covered_display": "0"}, "missing_lines": [507, 508, 509, 512, 515, 518, 524], "excluded_lines": [513, 514, 516, 517], "start_line": 503, "executed_branches": [], "missing_branches": [[509, 512], [509, 515]]}, "BgzfReader.read": {"executed_lines": [], "summary": {"covered_lines": 0, "num_statements": 8, "percent_covered": 0.0, "percent_covered_display": "0", "missing_lines": 8, "excluded_lines": 9, "percent_statements_covered": 0.0, "percent_statements_covered_display": "0", "num_branches": 2, "num_partial_branches": 0, "covered_branches": 0, "missing_branches": 2, "percent_branches_covered": 0.0, "percent_branches_covered_display": "0"}, "missing_lines": [531, 532, 533, 536, 537, 540, 541, 548], "excluded_lines": [528, 529, 538, 539, 542, 543, 544, 545, 546], "start_line": 526, "executed_branches": [], "missing_branches": [[532, 533], [532, 548]]}, "BgzfReader.readline": {"executed_lines": [], "summary": {"covered_lines": 0, "num_statements": 13, "percent_covered": 0.0, "percent_covered_display": "0", "missing_lines": 13, "excluded_lines": 6, "percent_statements_covered": 0.0, "percent_statements_covered_display": "0", "num_branches": 4, "num_partial_branches": 0, "covered_branches": 0, "missing_branches": 4, "percent_branches_covered": 0.0, "percent_branches_covered_display": "0"}, "missing_lines": [552, 553, 554, 561, 563, 565, 568, 569, 572, 573, 575, 576, 578], "excluded_lines": [556, 558, 559, 560, 566, 567], "start_line": 550, "executed_branches": [], "missing_branches": [[553, 554], [553, 578], [561, 563], [561, 572]]}, "BgzfReader.__next__": {"executed_lines": [], "summary": {"covered_lines": 0, "num_statements": 4, "percent_covered": 0.0, "percent_covered_display": "0", "missing_lines": 4, "excluded_lines": 0, "percent_statements_covered": 0.0, "percent_statements_covered_display": "0", "num_branches": 2, "num_partial_branches": 0, "covered_branches": 0, "missing_branches": 2, "percent_branches_covered": 0.0, "percent_branches_covered_display": "0"}, "missing_lines": [582, 583, 584, 585], "excluded_lines": [], "start_line": 580, "executed_branches": [], "missing_branches": [[583, 584], [583, 585]]}, "BgzfReader.__iter__": {"executed_lines": [], "summary": {"covered_lines": 0, "num_statements": 0, "percent_covered": 100.0, "percent_covered_display": "100", "missing_lines": 0, "excluded_lines": 2, "percent_statements_covered": 100.0, "percent_statements_covered_display": "100", "num_branches": 0, "num_partial_branches": 0, "covered_branches": 0, "missing_branches": 0, "percent_branches_covered": 100.0, "percent_branches_covered_display": "100"}, "missing_lines": [], "excluded_lines": [588, 589], "start_line": 587, "executed_branches": [], "missing_branches": []}, "BgzfReader.close": {"executed_lines": [], "summary": {"covered_lines": 0, "num_statements": 4, "percent_covered": 0.0, "percent_covered_display": "0", "missing_lines": 4, "excluded_lines": 0, "percent_statements_covered": 0.0, "percent_statements_covered_display": "0", "num_branches": 0, "num_partial_branches": 0, "covered_branches": 0, "missing_branches": 0, "percent_branches_covered": 100.0, "percent_branches_covered_display": "100"}, "missing_lines": [593, 594, 595, 596], "excluded_lines": [], "start_line": 591, "executed_branches": [], "missing_branches": []}, "BgzfReader.seekable": {"executed_lines": [], "summary": {"covered_lines": 0, "num_statements": 0, "percent_covered": 100.0, "percent_covered_display": "100", "missing_lines": 0, "excluded_lines": 2, "percent_statements_covered": 100.0, "percent_statements_covered_display": "100", "num_branches": 0, "num_partial_branches": 0, "covered_branches": 0, "missing_branches": 0, "percent_branches_covered": 100.0, "percent_branches_covered_display": "100"}, "missing_lines": [], "excluded_lines": [599, 600], "start_line": 598, "executed_branches": [], "missing_branches": []}, "BgzfReader.isatty": {"executed_lines": [], "summary": {"covered_lines": 0, "num_statements": 0, "percent_covered": 100.0, "percent_covered_display": "100", "missing_lines": 0, "excluded_lines": 2, "percent_statements_covered": 100.0, "percent_statements_covered_display": "100", "num_branches": 0, "num_partial_branches": 0, "covered_branches": 0, "missing_branches": 0, "percent_branches_covered": 100.0, "percent_branches_covered_display": "100"}, "missing_lines": [], "excluded_lines": [603, 604], "start_line": 602, "executed_branches": [], "missing_branches": []}, "BgzfReader.readable": {"executed_lines": [], "summary": {"covered_lines": 0, "num_statements": 0, "percent_covered": 100.0, "percent_covered_display": "100", "missing_lines": 0, "excluded_lines": 2, "percent_statements_covered": 100.0, "percent_statements_covered_display": "100", "num_branches": 0, "num_partial_branches": 0, "covered_branches": 0, "missing_branches": 0, "percent_branches_covered": 100.0, "percent_branches_covered_display": "100"}, "missing_lines": [], "excluded_lines": [607, 608], "start_line": 606, "executed_branches": [], "missing_branches": []}, "BgzfReader.writable": {"executed_lines": [], "summary": {"covered_lines": 0, "num_statements": 0, "percent_covered": 100.0, "percent_covered_display": "100", "missing_lines": 0, "excluded_lines": 2, "percent_statements_covered": 100.0, "percent_statements_covered_display": "100", "num_branches": 0, "num_partial_branches": 0, "covered_branches": 0, "missing_branches": 0, "percent_branches_covered": 100.0, "percent_branches_covered_display": "100"}, "missing_lines": [], "excluded_lines": [611, 612], "start_line": 610, "executed_branches": [], "missing_branches": []}, "BgzfReader.fileno": {"executed_lines": [], "summary": {"covered_lines": 0, "num_statements": 0, "percent_covered": 100.0, "percent_covered_display": "100", "missing_lines": 0, "excluded_lines": 2, "percent_statements_covered": 100.0, "percent_statements_covered_display": "100", "num_branches": 0, "num_partial_branches": 0, "covered_branches": 0, "missing_branches": 0, "percent_branches_covered": 100.0, "percent_branches_covered_display": "100"}, "missing_lines": [], "excluded_lines": [615, 616], "start_line": 614, "executed_branches": [], "missing_branches": []}, "BgzfReader.closed": {"executed_lines": [], "summary": {"covered_lines": 0, "num_statements": 0, "percent_covered": 100.0, "percent_covered_display": "100", "missing_lines": 0, "excluded_lines": 2, "percent_statements_covered": 100.0, "percent_statements_covered_display": "100", "num_branches": 0, "num_partial_branches": 0, "covered_branches": 0, "missing_branches": 0, "percent_branches_covered": 100.0, "percent_branches_covered_display": "100"}, "missing_lines": [], "excluded_lines": [620, 621], "start_line": 619, "executed_branches": [], "missing_branches": []}, "BgzfReader.mode": {"executed_lines": [], "summary": {"covered_lines": 0, "num_statements": 0, "percent_covered": 100.0, "percent_covered_display": "100", "missing_lines": 0, "excluded_lines": 2, "percent_statements_covered": 100.0, "percent_statements_covered_display": "100", "num_branches": 0, "num_partial_branches": 0, "covered_branches": 0, "missing_branches": 0, "percent_branches_covered": 100.0, "percent_branches_covered_display": "100"}, "missing_lines": [], "excluded_lines": [625, 626], "start_line": 624, "executed_branches": [], "missing_branches": []}, "BgzfReader.name": {"executed_lines": [], "summary": {"covered_lines": 0, "num_statements": 1, "percent_covered": 0.0, "percent_covered_display": "0", "missing_lines": 1, "excluded_lines": 0, "percent_statements_covered": 0.0, "percent_statements_covered_display": "0", "num_branches": 0, "num_partial_branches": 0, "covered_branches": 0, "missing_branches": 0, "percent_branches_covered": 100.0, "percent_branches_covered_display": "100"}, "missing_lines": [631], "excluded_lines": [], "start_line": 629, "executed_branches": [], "missing_branches": []}, "BgzfReader.flush": {"executed_lines": [], "summary": {"covered_lines": 0, "num_statements": 0, "percent_covered": 100.0, "percent_covered_display": "100", "missing_lines": 0, "excluded_lines": 2, "percent_statements_covered": 100.0, "percent_statements_covered_display": "100", "num_branches": 0, "num_partial_branches": 0, "covered_branches": 0, "missing_branches": 0, "percent_branches_covered": 100.0, "percent_branches_covered_display": "100"}, "missing_lines": [], "excluded_lines": [634, 635], "start_line": 633, "executed_branches": [], "missing_branches": []}, "BgzfReader.readlines": {"executed_lines": [], "summary": {"covered_lines": 0, "num_statements": 6, "percent_covered": 0.0, "percent_covered_display": "0", "missing_lines": 6, "excluded_lines": 0, "percent_statements_covered": 0.0, "percent_statements_covered_display": "0", "num_branches": 4, "num_partial_branches": 0, "covered_branches": 0, "missing_branches": 4, "percent_branches_covered": 0.0, "percent_branches_covered_display": "0"}, "missing_lines": [639, 640, 641, 642, 643, 644], "excluded_lines": [], "start_line": 637, "executed_branches": [], "missing_branches": [[640, 641], [640, 644], [642, 640], [642, 643]]}, "BgzfReader.writelines": {"executed_lines": [], "summary": {"covered_lines": 0, "num_statements": 0, "percent_covered": 100.0, "percent_covered_display": "100", "missing_lines": 0, "excluded_lines": 2, "percent_statements_covered": 100.0, "percent_statements_covered_display": "100", "num_branches": 0, "num_partial_branches": 0, "covered_branches": 0, "missing_branches": 0, "percent_branches_covered": 100.0, "percent_branches_covered_display": "100"}, "missing_lines": [], "excluded_lines": [647, 648], "start_line": 646, "executed_branches": [], "missing_branches": []}, "BgzfReader.write": {"executed_lines": [], "summary": {"covered_lines": 0, "num_statements": 0, "percent_covered": 100.0, "percent_covered_display": "100", "missing_lines": 0, "excluded_lines": 2, "percent_statements_covered": 100.0, "percent_statements_covered_display": "100", "num_branches": 0, "num_partial_branches": 0, "covered_branches": 0, "missing_branches": 0, "percent_branches_covered": 100.0, "percent_branches_covered_display": "100"}, "missing_lines": [], "excluded_lines": [651, 652], "start_line": 650, "executed_branches": [], "missing_branches": []}, "BgzfReader.truncate": {"executed_lines": [], "summary": {"covered_lines": 0, "num_statements": 0, "percent_covered": 100.0, "percent_covered_display": "100", "missing_lines": 0, "excluded_lines": 2, "percent_statements_covered": 100.0, "percent_statements_covered_display": "100", "num_branches": 0, "num_partial_branches": 0, "covered_branches": 0, "missing_branches": 0, "percent_branches_covered": 100.0, "percent_branches_covered_display": "100"}, "missing_lines": [], "excluded_lines": [655, 656], "start_line": 654, "executed_branches": [], "missing_branches": []}, "BgzfReader.__enter__": {"executed_lines": [], "summary": {"covered_lines": 0, "num_statements": 1, "percent_covered": 0.0, "percent_covered_display": "0", "missing_lines": 1, "excluded_lines": 0, "percent_statements_covered": 0.0, "percent_statements_covered_display": "0", "num_branches": 0, "num_partial_branches": 0, "covered_branches": 0, "missing_branches": 0, "percent_branches_covered": 100.0, "percent_branches_covered_display": "100"}, "missing_lines": [660], "excluded_lines": [], "start_line": 658, "executed_branches": [], "missing_branches": []}, "BgzfReader.__exit__": {"executed_lines": [], "summary": {"covered_lines": 0, "num_statements": 1, "percent_covered": 0.0, "percent_covered_display": "0", "missing_lines": 1, "excluded_lines": 0, "percent_statements_covered": 0.0, "percent_statements_covered_display": "0", "num_branches": 0, "num_partial_branches": 0, "covered_branches": 0, "missing_branches": 0, "percent_branches_covered": 100.0, "percent_branches_covered_display": "100"}, "missing_lines": [664], "excluded_lines": [], "start_line": 662, "executed_branches": [], "missing_branches": []}, "": {"executed_lines": [], "summary": {"covered_lines": 0, "num_statements": 35, "percent_covered": 0.0, "percent_covered_display": "0", "missing_lines": 35, "excluded_lines": 32, "percent_statements_covered": 0.0, "percent_statements_covered_display": "0", "num_branches": 0, "num_partial_branches": 0, "covered_branches": 0, "missing_branches": 0, "percent_branches_covered": 100.0, "percent_branches_covered_display": "100"}, "missing_lines": [27, 28, 29, 30, 31, 35, 36, 37, 40, 43, 87, 110, 202, 203, 230, 259, 289, 297, 369, 374, 377, 380, 384, 387, 453, 503, 526, 550, 580, 591, 628, 629, 637, 658, 662], "excluded_lines": [314, 318, 319, 322, 326, 327, 331, 332, 336, 337, 341, 345, 349, 353, 357, 361, 365, 488, 587, 598, 602, 606, 610, 614, 618, 619, 623, 624, 633, 646, 650, 654], "start_line": 1, "executed_branches": [], "missing_branches": []}}, "classes": {"BgzfWriter": {"executed_lines": [], "summary": {"covered_lines": 0, "num_statements": 43, "percent_covered": 0.0, "percent_covered_display": "0", "missing_lines": 43, "excluded_lines": 45, "percent_statements_covered": 0.0, "percent_statements_covered_display": "0", "num_branches": 4, "num_partial_branches": 0, "covered_branches": 0, "missing_branches": 4, "percent_branches_covered": 0.0, "percent_branches_covered_display": "0"}, "missing_lines": [210, 211, 212, 221, 222, 223, 224, 225, 226, 227, 228, 232, 235, 236, 237, 238, 239, 244, 245, 246, 247, 256, 257, 271, 273, 276, 277, 279, 287, 293, 294, 295, 307, 308, 309, 310, 311, 312, 371, 372, 375, 378, 381], "excluded_lines": [214, 215, 216, 217, 218, 219, 241, 242, 268, 269, 280, 282, 283, 284, 285, 290, 291, 292, 304, 305, 315, 316, 320, 323, 324, 328, 329, 333, 334, 338, 339, 342, 343, 346, 347, 350, 351, 354, 355, 358, 359, 362, 363, 366, 367], "start_line": 202, "executed_branches": [], "missing_branches": [[307, 308], [307, 309], [371, -369], [371, 372]]}, "BgzfReader": {"executed_lines": [], "summary": {"covered_lines": 0, "num_statements": 78, "percent_covered": 0.0, "percent_covered_display": "0", "missing_lines": 78, "excluded_lines": 69, "percent_statements_covered": 0.0, "percent_statements_covered_display": "0", "num_branches": 16, "num_partial_branches": 0, "covered_branches": 0, "missing_branches": 16, "percent_branches_covered": 0.0, "percent_branches_covered_display": "0"}, "missing_lines": [427, 428, 433, 436, 440, 443, 444, 445, 446, 447, 448, 449, 450, 451, 454, 458, 462, 464, 465, 466, 467, 473, 474, 475, 476, 477, 478, 479, 481, 482, 483, 484, 486, 507, 508, 509, 512, 515, 518, 524, 531, 532, 533, 536, 537, 540, 541, 548, 552, 553, 554, 561, 563, 565, 568, 569, 572, 573, 575, 576, 578, 582, 583, 584, 585, 593, 594, 595, 596, 631, 639, 640, 641, 642, 643, 644, 660, 664], "excluded_lines": [422, 423, 430, 431, 434, 435, 438, 439, 459, 460, 461, 469, 471, 489, 490, 491, 492, 493, 494, 495, 496, 497, 498, 499, 500, 501, 513, 514, 516, 517, 528, 529, 538, 539, 542, 543, 544, 545, 546, 556, 558, 559, 560, 566, 567, 588, 589, 599, 600, 603, 604, 607, 608, 611, 612, 615, 616, 620, 621, 625, 626, 634, 635, 647, 648, 651, 652, 655, 656], "start_line": 384, "executed_branches": [], "missing_branches": [[474, 475], [474, 476], [509, 512], [509, 515], [532, 533], [532, 548], [553, 554], [553, 578], [561, 563], [561, 572], [583, 584], [583, 585], [640, 641], [640, 644], [642, 640], [642, 643]]}, "": {"executed_lines": [], "summary": {"covered_lines": 0, "num_statements": 59, "percent_covered": 0.0, "percent_covered_display": "0", "missing_lines": 59, "excluded_lines": 63, "percent_statements_covered": 0.0, "percent_statements_covered_display": "0", "num_branches": 4, "num_partial_branches": 0, "covered_branches": 0, "missing_branches": 4, "percent_branches_covered": 0.0, "percent_branches_covered_display": "0"}, "missing_lines": [27, 28, 29, 30, 31, 35, 36, 37, 40, 43, 80, 81, 82, 83, 84, 87, 105, 106, 107, 110, 118, 127, 132, 136, 141, 153, 157, 163, 164, 170, 175, 179, 182, 184, 197, 199, 202, 203, 230, 259, 289, 297, 369, 374, 377, 380, 384, 387, 453, 503, 526, 550, 580, 591, 628, 629, 637, 658, 662], "excluded_lines": [44, 119, 120, 123, 124, 128, 129, 133, 134, 137, 138, 142, 143, 146, 147, 149, 150, 154, 155, 166, 167, 171, 172, 176, 177, 185, 186, 189, 190, 193, 194, 314, 318, 319, 322, 326, 327, 331, 332, 336, 337, 341, 345, 349, 353, 357, 361, 365, 488, 587, 598, 602, 606, 610, 614, 618, 619, 623, 624, 633, 646, 650, 654], "start_line": 1, "executed_branches": [], "missing_branches": [[80, 81], [80, 82], [82, 83], [82, 84]]}}}, "C:\\Users\\miaot\\AppData\\Local\\Programs\\Python\\Python312\\Lib\\site-packages\\vcfpy\\exceptions.py": {"executed_lines": [], "summary": {"covered_lines": 0, "num_statements": 20, "percent_covered": 0.0, "percent_covered_display": "0", "missing_lines": 20, "excluded_lines": 0, "percent_statements_covered": 0.0, "percent_statements_covered_display": "0", "num_branches": 0, "num_partial_branches": 0, "covered_branches": 0, "missing_branches": 0, "percent_branches_covered": 100.0, "percent_branches_covered_display": "100"}, "missing_lines": [4, 7, 11, 15, 19, 23, 27, 31, 35, 39, 43, 47, 51, 55, 59, 63, 67, 71, 75, 79], "excluded_lines": [], "executed_branches": [], "missing_branches": [], "functions": {"": {"executed_lines": [], "summary": {"covered_lines": 0, "num_statements": 20, "percent_covered": 0.0, "percent_covered_display": "0", "missing_lines": 20, "excluded_lines": 0, "percent_statements_covered": 0.0, "percent_statements_covered_display": "0", "num_branches": 0, "num_partial_branches": 0, "covered_branches": 0, "missing_branches": 0, "percent_branches_covered": 100.0, "percent_branches_covered_display": "100"}, "missing_lines": [4, 7, 11, 15, 19, 23, 27, 31, 35, 39, 43, 47, 51, 55, 59, 63, 67, 71, 75, 79], "excluded_lines": [], "start_line": 1, "executed_branches": [], "missing_branches": []}}, "classes": {"VCFPyException": {"executed_lines": [], "summary": {"covered_lines": 0, "num_statements": 0, "percent_covered": 100.0, "percent_covered_display": "100", "missing_lines": 0, "excluded_lines": 0, "percent_statements_covered": 100.0, "percent_statements_covered_display": "100", "num_branches": 0, "num_partial_branches": 0, "covered_branches": 0, "missing_branches": 0, "percent_branches_covered": 100.0, "percent_branches_covered_display": "100"}, "missing_lines": [], "excluded_lines": [], "start_line": 7, "executed_branches": [], "missing_branches": []}, "InvalidHeaderException": {"executed_lines": [], "summary": {"covered_lines": 0, "num_statements": 0, "percent_covered": 100.0, "percent_covered_display": "100", "missing_lines": 0, "excluded_lines": 0, "percent_statements_covered": 100.0, "percent_statements_covered_display": "100", "num_branches": 0, "num_partial_branches": 0, "covered_branches": 0, "missing_branches": 0, "percent_branches_covered": 100.0, "percent_branches_covered_display": "100"}, "missing_lines": [], "excluded_lines": [], "start_line": 11, "executed_branches": [], "missing_branches": []}, "InvalidRecordException": {"executed_lines": [], "summary": {"covered_lines": 0, "num_statements": 0, "percent_covered": 100.0, "percent_covered_display": "100", "missing_lines": 0, "excluded_lines": 0, "percent_statements_covered": 100.0, "percent_statements_covered_display": "100", "num_branches": 0, "num_partial_branches": 0, "covered_branches": 0, "missing_branches": 0, "percent_branches_covered": 100.0, "percent_branches_covered_display": "100"}, "missing_lines": [], "excluded_lines": [], "start_line": 15, "executed_branches": [], "missing_branches": []}, "IncorrectVCFFormat": {"executed_lines": [], "summary": {"covered_lines": 0, "num_statements": 0, "percent_covered": 100.0, "percent_covered_display": "100", "missing_lines": 0, "excluded_lines": 0, "percent_statements_covered": 100.0, "percent_statements_covered_display": "100", "num_branches": 0, "num_partial_branches": 0, "covered_branches": 0, "missing_branches": 0, "percent_branches_covered": 100.0, "percent_branches_covered_display": "100"}, "missing_lines": [], "excluded_lines": [], "start_line": 19, "executed_branches": [], "missing_branches": []}, "HeaderNotFound": {"executed_lines": [], "summary": {"covered_lines": 0, "num_statements": 0, "percent_covered": 100.0, "percent_covered_display": "100", "missing_lines": 0, "excluded_lines": 0, "percent_statements_covered": 100.0, "percent_statements_covered_display": "100", "num_branches": 0, "num_partial_branches": 0, "covered_branches": 0, "missing_branches": 0, "percent_branches_covered": 100.0, "percent_branches_covered_display": "100"}, "missing_lines": [], "excluded_lines": [], "start_line": 23, "executed_branches": [], "missing_branches": []}, "VCFPyWarning": {"executed_lines": [], "summary": {"covered_lines": 0, "num_statements": 0, "percent_covered": 100.0, "percent_covered_display": "100", "missing_lines": 0, "excluded_lines": 0, "percent_statements_covered": 100.0, "percent_statements_covered_display": "100", "num_branches": 0, "num_partial_branches": 0, "covered_branches": 0, "missing_branches": 0, "percent_branches_covered": 100.0, "percent_branches_covered_display": "100"}, "missing_lines": [], "excluded_lines": [], "start_line": 27, "executed_branches": [], "missing_branches": []}, "DuplicateHeaderLineWarning": {"executed_lines": [], "summary": {"covered_lines": 0, "num_statements": 0, "percent_covered": 100.0, "percent_covered_display": "100", "missing_lines": 0, "excluded_lines": 0, "percent_statements_covered": 100.0, "percent_statements_covered_display": "100", "num_branches": 0, "num_partial_branches": 0, "covered_branches": 0, "missing_branches": 0, "percent_branches_covered": 100.0, "percent_branches_covered_display": "100"}, "missing_lines": [], "excluded_lines": [], "start_line": 31, "executed_branches": [], "missing_branches": []}, "FieldInfoNotFound": {"executed_lines": [], "summary": {"covered_lines": 0, "num_statements": 0, "percent_covered": 100.0, "percent_covered_display": "100", "missing_lines": 0, "excluded_lines": 0, "percent_statements_covered": 100.0, "percent_statements_covered_display": "100", "num_branches": 0, "num_partial_branches": 0, "covered_branches": 0, "missing_branches": 0, "percent_branches_covered": 100.0, "percent_branches_covered_display": "100"}, "missing_lines": [], "excluded_lines": [], "start_line": 35, "executed_branches": [], "missing_branches": []}, "FieldMissingNumber": {"executed_lines": [], "summary": {"covered_lines": 0, "num_statements": 0, "percent_covered": 100.0, "percent_covered_display": "100", "missing_lines": 0, "excluded_lines": 0, "percent_statements_covered": 100.0, "percent_statements_covered_display": "100", "num_branches": 0, "num_partial_branches": 0, "covered_branches": 0, "missing_branches": 0, "percent_branches_covered": 100.0, "percent_branches_covered_display": "100"}, "missing_lines": [], "excluded_lines": [], "start_line": 39, "executed_branches": [], "missing_branches": []}, "FieldInvalidNumber": {"executed_lines": [], "summary": {"covered_lines": 0, "num_statements": 0, "percent_covered": 100.0, "percent_covered_display": "100", "missing_lines": 0, "excluded_lines": 0, "percent_statements_covered": 100.0, "percent_statements_covered_display": "100", "num_branches": 0, "num_partial_branches": 0, "covered_branches": 0, "missing_branches": 0, "percent_branches_covered": 100.0, "percent_branches_covered_display": "100"}, "missing_lines": [], "excluded_lines": [], "start_line": 43, "executed_branches": [], "missing_branches": []}, "HeaderInvalidType": {"executed_lines": [], "summary": {"covered_lines": 0, "num_statements": 0, "percent_covered": 100.0, "percent_covered_display": "100", "missing_lines": 0, "excluded_lines": 0, "percent_statements_covered": 100.0, "percent_statements_covered_display": "100", "num_branches": 0, "num_partial_branches": 0, "covered_branches": 0, "missing_branches": 0, "percent_branches_covered": 100.0, "percent_branches_covered_display": "100"}, "missing_lines": [], "excluded_lines": [], "start_line": 47, "executed_branches": [], "missing_branches": []}, "HeaderMissingDescription": {"executed_lines": [], "summary": {"covered_lines": 0, "num_statements": 0, "percent_covered": 100.0, "percent_covered_display": "100", "missing_lines": 0, "excluded_lines": 0, "percent_statements_covered": 100.0, "percent_statements_covered_display": "100", "num_branches": 0, "num_partial_branches": 0, "covered_branches": 0, "missing_branches": 0, "percent_branches_covered": 100.0, "percent_branches_covered_display": "100"}, "missing_lines": [], "excluded_lines": [], "start_line": 51, "executed_branches": [], "missing_branches": []}, "LeadingTrailingSpaceInKey": {"executed_lines": [], "summary": {"covered_lines": 0, "num_statements": 0, "percent_covered": 100.0, "percent_covered_display": "100", "missing_lines": 0, "excluded_lines": 0, "percent_statements_covered": 100.0, "percent_statements_covered_display": "100", "num_branches": 0, "num_partial_branches": 0, "covered_branches": 0, "missing_branches": 0, "percent_branches_covered": 100.0, "percent_branches_covered_display": "100"}, "missing_lines": [], "excluded_lines": [], "start_line": 55, "executed_branches": [], "missing_branches": []}, "UnknownFilter": {"executed_lines": [], "summary": {"covered_lines": 0, "num_statements": 0, "percent_covered": 100.0, "percent_covered_display": "100", "missing_lines": 0, "excluded_lines": 0, "percent_statements_covered": 100.0, "percent_statements_covered_display": "100", "num_branches": 0, "num_partial_branches": 0, "covered_branches": 0, "missing_branches": 0, "percent_branches_covered": 100.0, "percent_branches_covered_display": "100"}, "missing_lines": [], "excluded_lines": [], "start_line": 59, "executed_branches": [], "missing_branches": []}, "UnknownVCFVersion": {"executed_lines": [], "summary": {"covered_lines": 0, "num_statements": 0, "percent_covered": 100.0, "percent_covered_display": "100", "missing_lines": 0, "excluded_lines": 0, "percent_statements_covered": 100.0, "percent_statements_covered_display": "100", "num_branches": 0, "num_partial_branches": 0, "covered_branches": 0, "missing_branches": 0, "percent_branches_covered": 100.0, "percent_branches_covered_display": "100"}, "missing_lines": [], "excluded_lines": [], "start_line": 63, "executed_branches": [], "missing_branches": []}, "IncorrectListLength": {"executed_lines": [], "summary": {"covered_lines": 0, "num_statements": 0, "percent_covered": 100.0, "percent_covered_display": "100", "missing_lines": 0, "excluded_lines": 0, "percent_statements_covered": 100.0, "percent_statements_covered_display": "100", "num_branches": 0, "num_partial_branches": 0, "covered_branches": 0, "missing_branches": 0, "percent_branches_covered": 100.0, "percent_branches_covered_display": "100"}, "missing_lines": [], "excluded_lines": [], "start_line": 67, "executed_branches": [], "missing_branches": []}, "SpaceInChromLine": {"executed_lines": [], "summary": {"covered_lines": 0, "num_statements": 0, "percent_covered": 100.0, "percent_covered_display": "100", "missing_lines": 0, "excluded_lines": 0, "percent_statements_covered": 100.0, "percent_statements_covered_display": "100", "num_branches": 0, "num_partial_branches": 0, "covered_branches": 0, "missing_branches": 0, "percent_branches_covered": 100.0, "percent_branches_covered_display": "100"}, "missing_lines": [], "excluded_lines": [], "start_line": 71, "executed_branches": [], "missing_branches": []}, "CannotConvertValue": {"executed_lines": [], "summary": {"covered_lines": 0, "num_statements": 0, "percent_covered": 100.0, "percent_covered_display": "100", "missing_lines": 0, "excluded_lines": 0, "percent_statements_covered": 100.0, "percent_statements_covered_display": "100", "num_branches": 0, "num_partial_branches": 0, "covered_branches": 0, "missing_branches": 0, "percent_branches_covered": 100.0, "percent_branches_covered_display": "100"}, "missing_lines": [], "excluded_lines": [], "start_line": 75, "executed_branches": [], "missing_branches": []}, "CannotModifyUnparsedCallWarning": {"executed_lines": [], "summary": {"covered_lines": 0, "num_statements": 0, "percent_covered": 100.0, "percent_covered_display": "100", "missing_lines": 0, "excluded_lines": 0, "percent_statements_covered": 100.0, "percent_statements_covered_display": "100", "num_branches": 0, "num_partial_branches": 0, "covered_branches": 0, "missing_branches": 0, "percent_branches_covered": 100.0, "percent_branches_covered_display": "100"}, "missing_lines": [], "excluded_lines": [], "start_line": 79, "executed_branches": [], "missing_branches": []}, "": {"executed_lines": [], "summary": {"covered_lines": 0, "num_statements": 20, "percent_covered": 0.0, "percent_covered_display": "0", "missing_lines": 20, "excluded_lines": 0, "percent_statements_covered": 0.0, "percent_statements_covered_display": "0", "num_branches": 0, "num_partial_branches": 0, "covered_branches": 0, "missing_branches": 0, "percent_branches_covered": 100.0, "percent_branches_covered_display": "100"}, "missing_lines": [4, 7, 11, 15, 19, 23, 27, 31, 35, 39, 43, 47, 51, 55, 59, 63, 67, 71, 75, 79], "excluded_lines": [], "start_line": 1, "executed_branches": [], "missing_branches": []}}}, "C:\\Users\\miaot\\AppData\\Local\\Programs\\Python\\Python312\\Lib\\site-packages\\vcfpy\\header.py": {"executed_lines": [], "summary": {"covered_lines": 0, "num_statements": 364, "percent_covered": 0.0, "percent_covered_display": "0", "missing_lines": 364, "excluded_lines": 22, "percent_statements_covered": 0.0, "percent_statements_covered_display": "0", "num_branches": 54, "num_partial_branches": 0, "covered_branches": 0, "missing_branches": 54, "percent_branches_covered": 0.0, "percent_branches_covered_display": "0"}, "missing_lines": [7, 8, 9, 10, 12, 13, 22, 27, 29, 31, 33, 38, 40, 42, 44, 47, 51, 59, 61, 63, 65, 67, 68, 69, 72, 73, 74, 77, 78, 80, 81, 83, 84, 90, 163, 196, 199, 201, 202, 203, 204, 205, 207, 208, 209, 211, 214, 229, 231, 232, 233, 240, 241, 243, 244, 245, 246, 249, 260, 263, 267, 268, 269, 270, 272, 274, 276, 278, 280, 282, 283, 285, 286, 287, 289, 290, 292, 293, 294, 297, 298, 299, 303, 316, 318, 320, 322, 324, 326, 327, 328, 329, 330, 335, 336, 337, 344, 346, 347, 348, 349, 351, 353, 355, 363, 365, 373, 375, 383, 385, 393, 395, 397, 399, 401, 403, 405, 407, 409, 410, 412, 414, 424, 425, 427, 429, 434, 435, 436, 437, 447, 448, 450, 452, 454, 456, 458, 459, 460, 461, 467, 468, 470, 471, 475, 477, 478, 479, 482, 483, 484, 487, 488, 490, 491, 492, 494, 495, 498, 501, 503, 505, 507, 509, 511, 512, 513, 515, 517, 519, 520, 521, 524, 525, 526, 529, 530, 532, 533, 535, 536, 539, 541, 542, 543, 544, 545, 546, 547, 550, 560, 561, 563, 564, 566, 568, 570, 571, 573, 574, 575, 577, 578, 580, 581, 583, 584, 585, 588, 589, 590, 594, 601, 602, 604, 606, 607, 609, 611, 612, 614, 615, 618, 624, 625, 627, 629, 630, 632, 633, 635, 640, 642, 644, 645, 647, 648, 651, 654, 655, 657, 659, 660, 668, 670, 672, 673, 675, 676, 679, 685, 686, 688, 690, 691, 693, 695, 696, 698, 699, 702, 705, 706, 708, 710, 711, 713, 715, 716, 718, 719, 722, 725, 726, 728, 730, 731, 733, 735, 736, 737, 740, 741, 742, 745, 746, 748, 749, 752, 760, 761, 763, 768, 769, 770, 771, 775, 777, 779, 781, 782, 788, 789, 790, 791, 792, 794, 796, 797, 798, 800, 801, 803, 804, 807, 814, 815, 817, 819, 820, 822, 824, 826, 827, 828, 832, 833, 834, 840, 842, 844, 845, 850, 852, 854, 856, 857, 859, 860, 863, 866, 867, 869, 871, 872, 874, 876, 878, 879, 880, 884, 885, 886, 892, 894, 896, 897, 902, 904, 906, 908, 909, 911, 912], "excluded_lines": [70, 75, 234, 235, 295, 300, 438, 439, 445, 480, 485, 522, 527, 586, 591, 662, 663, 738, 743, 765, 766, 767], "executed_branches": [], "missing_branches": [[201, 202], [201, 203], [203, 204], [203, 208], [204, 205], [204, 207], [208, 209], [208, 211], [232, 233], [232, 246], [240, 241], [240, 245], [243, 244], [243, 245], [268, 269], [268, 272], [327, 328], [327, 349], [328, 329], [328, 346], [329, 330], [329, 335], [336, 337], [336, 344], [409, 410], [409, 412], [424, 425], [424, 427], [460, 461], [460, 467], [467, 468], [467, 470], [542, 543], [542, 546], [543, 544], [543, 545], [563, 564], [563, 566], [632, 633], [632, 635], [791, 792], [791, 794], [827, 828], [827, 833], [833, 834], [833, 842], [844, 845], [844, 850], [879, 880], [879, 885], [885, 886], [885, 894], [896, 897], [896, 902]], "functions": {"FieldInfo.__init__": {"executed_lines": [], "summary": {"covered_lines": 0, "num_statements": 4, "percent_covered": 0.0, "percent_covered_display": "0", "missing_lines": 4, "excluded_lines": 0, "percent_statements_covered": 0.0, "percent_statements_covered_display": "0", "num_branches": 0, "num_partial_branches": 0, "covered_branches": 0, "missing_branches": 0, "percent_branches_covered": 100.0, "percent_branches_covered_display": "100"}, "missing_lines": [59, 61, 63, 65], "excluded_lines": [], "start_line": 51, "executed_branches": [], "missing_branches": []}, "FieldInfo.__eq__": {"executed_lines": [], "summary": {"covered_lines": 0, "num_statements": 2, "percent_covered": 0.0, "percent_covered_display": "0", "missing_lines": 2, "excluded_lines": 1, "percent_statements_covered": 0.0, "percent_statements_covered_display": "0", "num_branches": 0, "num_partial_branches": 0, "covered_branches": 0, "missing_branches": 0, "percent_branches_covered": 100.0, "percent_branches_covered_display": "100"}, "missing_lines": [68, 69], "excluded_lines": [70], "start_line": 67, "executed_branches": [], "missing_branches": []}, "FieldInfo.__ne__": {"executed_lines": [], "summary": {"covered_lines": 0, "num_statements": 2, "percent_covered": 0.0, "percent_covered_display": "0", "missing_lines": 2, "excluded_lines": 1, "percent_statements_covered": 0.0, "percent_statements_covered_display": "0", "num_branches": 0, "num_partial_branches": 0, "covered_branches": 0, "missing_branches": 0, "percent_branches_covered": 100.0, "percent_branches_covered_display": "100"}, "missing_lines": [73, 74], "excluded_lines": [75], "start_line": 72, "executed_branches": [], "missing_branches": []}, "FieldInfo.__hash__": {"executed_lines": [], "summary": {"covered_lines": 0, "num_statements": 1, "percent_covered": 0.0, "percent_covered_display": "0", "missing_lines": 1, "excluded_lines": 0, "percent_statements_covered": 0.0, "percent_statements_covered_display": "0", "num_branches": 0, "num_partial_branches": 0, "covered_branches": 0, "missing_branches": 0, "percent_branches_covered": 100.0, "percent_branches_covered_display": "100"}, "missing_lines": [78], "excluded_lines": [], "start_line": 77, "executed_branches": [], "missing_branches": []}, "FieldInfo.__str__": {"executed_lines": [], "summary": {"covered_lines": 0, "num_statements": 1, "percent_covered": 0.0, "percent_covered_display": "0", "missing_lines": 1, "excluded_lines": 0, "percent_statements_covered": 0.0, "percent_statements_covered_display": "0", "num_branches": 0, "num_partial_branches": 0, "covered_branches": 0, "missing_branches": 0, "percent_branches_covered": 100.0, "percent_branches_covered_display": "100"}, "missing_lines": [81], "excluded_lines": [], "start_line": 80, "executed_branches": [], "missing_branches": []}, "FieldInfo.__repr__": {"executed_lines": [], "summary": {"covered_lines": 0, "num_statements": 1, "percent_covered": 0.0, "percent_covered_display": "0", "missing_lines": 1, "excluded_lines": 0, "percent_statements_covered": 0.0, "percent_statements_covered_display": "0", "num_branches": 0, "num_partial_branches": 0, "covered_branches": 0, "missing_branches": 0, "percent_branches_covered": 100.0, "percent_branches_covered_display": "100"}, "missing_lines": [84], "excluded_lines": [], "start_line": 83, "executed_branches": [], "missing_branches": []}, "serialize_for_header": {"executed_lines": [], "summary": {"covered_lines": 0, "num_statements": 9, "percent_covered": 0.0, "percent_covered_display": "0", "missing_lines": 9, "excluded_lines": 0, "percent_statements_covered": 0.0, "percent_statements_covered_display": "0", "num_branches": 8, "num_partial_branches": 0, "covered_branches": 0, "missing_branches": 8, "percent_branches_covered": 0.0, "percent_branches_covered_display": "0"}, "missing_lines": [201, 202, 203, 204, 205, 207, 208, 209, 211], "excluded_lines": [], "start_line": 199, "executed_branches": [], "missing_branches": [[201, 202], [201, 203], [203, 204], [203, 208], [204, 205], [204, 207], [208, 209], [208, 211]]}, "header_without_lines": {"executed_lines": [], "summary": {"covered_lines": 0, "num_statements": 10, "percent_covered": 0.0, "percent_covered_display": "0", "missing_lines": 10, "excluded_lines": 2, "percent_statements_covered": 0.0, "percent_statements_covered_display": "0", "num_branches": 6, "num_partial_branches": 0, "covered_branches": 0, "missing_branches": 6, "percent_branches_covered": 0.0, "percent_branches_covered_display": "0"}, "missing_lines": [229, 231, 232, 233, 240, 241, 243, 244, 245, 246], "excluded_lines": [234, 235], "start_line": 214, "executed_branches": [], "missing_branches": [[232, 233], [232, 246], [240, 241], [240, 245], [243, 244], [243, 245]]}, "SamplesInfos.__init__": {"executed_lines": [], "summary": {"covered_lines": 0, "num_statements": 6, "percent_covered": 0.0, "percent_covered_display": "0", "missing_lines": 6, "excluded_lines": 0, "percent_statements_covered": 0.0, "percent_statements_covered_display": "0", "num_branches": 2, "num_partial_branches": 0, "covered_branches": 0, "missing_branches": 2, "percent_branches_covered": 0.0, "percent_branches_covered_display": "0"}, "missing_lines": [263, 267, 268, 269, 270, 272], "excluded_lines": [], "start_line": 260, "executed_branches": [], "missing_branches": [[268, 269], [268, 272]]}, "SamplesInfos.copy": {"executed_lines": [], "summary": {"covered_lines": 0, "num_statements": 1, "percent_covered": 0.0, "percent_covered_display": "0", "missing_lines": 1, "excluded_lines": 0, "percent_statements_covered": 0.0, "percent_statements_covered_display": "0", "num_branches": 0, "num_partial_branches": 0, "covered_branches": 0, "missing_branches": 0, "percent_branches_covered": 100.0, "percent_branches_covered_display": "100"}, "missing_lines": [276], "excluded_lines": [], "start_line": 274, "executed_branches": [], "missing_branches": []}, "SamplesInfos.is_parsed": {"executed_lines": [], "summary": {"covered_lines": 0, "num_statements": 1, "percent_covered": 0.0, "percent_covered_display": "0", "missing_lines": 1, "excluded_lines": 0, "percent_statements_covered": 0.0, "percent_statements_covered_display": "0", "num_branches": 0, "num_partial_branches": 0, "covered_branches": 0, "missing_branches": 0, "percent_branches_covered": 100.0, "percent_branches_covered_display": "100"}, "missing_lines": [280], "excluded_lines": [], "start_line": 278, "executed_branches": [], "missing_branches": []}, "SamplesInfos.__hash__": {"executed_lines": [], "summary": {"covered_lines": 0, "num_statements": 1, "percent_covered": 0.0, "percent_covered_display": "0", "missing_lines": 1, "excluded_lines": 0, "percent_statements_covered": 0.0, "percent_statements_covered_display": "0", "num_branches": 0, "num_partial_branches": 0, "covered_branches": 0, "missing_branches": 0, "percent_branches_covered": 100.0, "percent_branches_covered_display": "100"}, "missing_lines": [283], "excluded_lines": [], "start_line": 282, "executed_branches": [], "missing_branches": []}, "SamplesInfos.__str__": {"executed_lines": [], "summary": {"covered_lines": 0, "num_statements": 2, "percent_covered": 0.0, "percent_covered_display": "0", "missing_lines": 2, "excluded_lines": 0, "percent_statements_covered": 0.0, "percent_statements_covered_display": "0", "num_branches": 0, "num_partial_branches": 0, "covered_branches": 0, "missing_branches": 0, "percent_branches_covered": 100.0, "percent_branches_covered_display": "100"}, "missing_lines": [286, 287], "excluded_lines": [], "start_line": 285, "executed_branches": [], "missing_branches": []}, "SamplesInfos.__repr__": {"executed_lines": [], "summary": {"covered_lines": 0, "num_statements": 1, "percent_covered": 0.0, "percent_covered_display": "0", "missing_lines": 1, "excluded_lines": 0, "percent_statements_covered": 0.0, "percent_statements_covered_display": "0", "num_branches": 0, "num_partial_branches": 0, "covered_branches": 0, "missing_branches": 0, "percent_branches_covered": 100.0, "percent_branches_covered_display": "100"}, "missing_lines": [290], "excluded_lines": [], "start_line": 289, "executed_branches": [], "missing_branches": []}, "SamplesInfos.__eq__": {"executed_lines": [], "summary": {"covered_lines": 0, "num_statements": 2, "percent_covered": 0.0, "percent_covered_display": "0", "missing_lines": 2, "excluded_lines": 1, "percent_statements_covered": 0.0, "percent_statements_covered_display": "0", "num_branches": 0, "num_partial_branches": 0, "covered_branches": 0, "missing_branches": 0, "percent_branches_covered": 100.0, "percent_branches_covered_display": "100"}, "missing_lines": [293, 294], "excluded_lines": [295], "start_line": 292, "executed_branches": [], "missing_branches": []}, "SamplesInfos.__ne__": {"executed_lines": [], "summary": {"covered_lines": 0, "num_statements": 2, "percent_covered": 0.0, "percent_covered_display": "0", "missing_lines": 2, "excluded_lines": 1, "percent_statements_covered": 0.0, "percent_statements_covered_display": "0", "num_branches": 0, "num_partial_branches": 0, "covered_branches": 0, "missing_branches": 0, "percent_branches_covered": 100.0, "percent_branches_covered_display": "100"}, "missing_lines": [298, 299], "excluded_lines": [300], "start_line": 297, "executed_branches": [], "missing_branches": []}, "Header.__init__": {"executed_lines": [], "summary": {"covered_lines": 0, "num_statements": 3, "percent_covered": 0.0, "percent_covered_display": "0", "missing_lines": 3, "excluded_lines": 0, "percent_statements_covered": 0.0, "percent_statements_covered_display": "0", "num_branches": 0, "num_partial_branches": 0, "covered_branches": 0, "missing_branches": 0, "percent_branches_covered": 100.0, "percent_branches_covered_display": "100"}, "missing_lines": [318, 320, 322], "excluded_lines": [], "start_line": 316, "executed_branches": [], "missing_branches": []}, "Header._build_indices": {"executed_lines": [], "summary": {"covered_lines": 0, "num_statements": 13, "percent_covered": 0.0, "percent_covered_display": "0", "missing_lines": 13, "excluded_lines": 0, "percent_statements_covered": 0.0, "percent_statements_covered_display": "0", "num_branches": 8, "num_partial_branches": 0, "covered_branches": 0, "missing_branches": 8, "percent_branches_covered": 0.0, "percent_branches_covered_display": "0"}, "missing_lines": [326, 327, 328, 329, 330, 335, 336, 337, 344, 346, 347, 348, 349], "excluded_lines": [], "start_line": 324, "executed_branches": [], "missing_branches": [[327, 328], [327, 349], [328, 329], [328, 346], [329, 330], [329, 335], [336, 337], [336, 344]]}, "Header.copy": {"executed_lines": [], "summary": {"covered_lines": 0, "num_statements": 1, "percent_covered": 0.0, "percent_covered_display": "0", "missing_lines": 1, "excluded_lines": 0, "percent_statements_covered": 0.0, "percent_statements_covered_display": "0", "num_branches": 0, "num_partial_branches": 0, "covered_branches": 0, "missing_branches": 0, "percent_branches_covered": 100.0, "percent_branches_covered_display": "100"}, "missing_lines": [353], "excluded_lines": [], "start_line": 351, "executed_branches": [], "missing_branches": []}, "Header.add_filter_line": {"executed_lines": [], "summary": {"covered_lines": 0, "num_statements": 1, "percent_covered": 0.0, "percent_covered_display": "0", "missing_lines": 1, "excluded_lines": 0, "percent_statements_covered": 0.0, "percent_statements_covered_display": "0", "num_branches": 0, "num_partial_branches": 0, "covered_branches": 0, "missing_branches": 0, "percent_branches_covered": 100.0, "percent_branches_covered_display": "100"}, "missing_lines": [363], "excluded_lines": [], "start_line": 355, "executed_branches": [], "missing_branches": []}, "Header.add_contig_line": {"executed_lines": [], "summary": {"covered_lines": 0, "num_statements": 1, "percent_covered": 0.0, "percent_covered_display": "0", "missing_lines": 1, "excluded_lines": 0, "percent_statements_covered": 0.0, "percent_statements_covered_display": "0", "num_branches": 0, "num_partial_branches": 0, "covered_branches": 0, "missing_branches": 0, "percent_branches_covered": 100.0, "percent_branches_covered_display": "100"}, "missing_lines": [373], "excluded_lines": [], "start_line": 365, "executed_branches": [], "missing_branches": []}, "Header.add_info_line": {"executed_lines": [], "summary": {"covered_lines": 0, "num_statements": 1, "percent_covered": 0.0, "percent_covered_display": "0", "missing_lines": 1, "excluded_lines": 0, "percent_statements_covered": 0.0, "percent_statements_covered_display": "0", "num_branches": 0, "num_partial_branches": 0, "covered_branches": 0, "missing_branches": 0, "percent_branches_covered": 100.0, "percent_branches_covered_display": "100"}, "missing_lines": [383], "excluded_lines": [], "start_line": 375, "executed_branches": [], "missing_branches": []}, "Header.add_format_line": {"executed_lines": [], "summary": {"covered_lines": 0, "num_statements": 1, "percent_covered": 0.0, "percent_covered_display": "0", "missing_lines": 1, "excluded_lines": 0, "percent_statements_covered": 0.0, "percent_statements_covered_display": "0", "num_branches": 0, "num_partial_branches": 0, "covered_branches": 0, "missing_branches": 0, "percent_branches_covered": 100.0, "percent_branches_covered_display": "100"}, "missing_lines": [393], "excluded_lines": [], "start_line": 385, "executed_branches": [], "missing_branches": []}, "Header.format_ids": {"executed_lines": [], "summary": {"covered_lines": 0, "num_statements": 1, "percent_covered": 0.0, "percent_covered_display": "0", "missing_lines": 1, "excluded_lines": 0, "percent_statements_covered": 0.0, "percent_statements_covered_display": "0", "num_branches": 0, "num_partial_branches": 0, "covered_branches": 0, "missing_branches": 0, "percent_branches_covered": 100.0, "percent_branches_covered_display": "100"}, "missing_lines": [397], "excluded_lines": [], "start_line": 395, "executed_branches": [], "missing_branches": []}, "Header.filter_ids": {"executed_lines": [], "summary": {"covered_lines": 0, "num_statements": 1, "percent_covered": 0.0, "percent_covered_display": "0", "missing_lines": 1, "excluded_lines": 0, "percent_statements_covered": 0.0, "percent_statements_covered_display": "0", "num_branches": 0, "num_partial_branches": 0, "covered_branches": 0, "missing_branches": 0, "percent_branches_covered": 100.0, "percent_branches_covered_display": "100"}, "missing_lines": [401], "excluded_lines": [], "start_line": 399, "executed_branches": [], "missing_branches": []}, "Header.info_ids": {"executed_lines": [], "summary": {"covered_lines": 0, "num_statements": 1, "percent_covered": 0.0, "percent_covered_display": "0", "missing_lines": 1, "excluded_lines": 0, "percent_statements_covered": 0.0, "percent_statements_covered_display": "0", "num_branches": 0, "num_partial_branches": 0, "covered_branches": 0, "missing_branches": 0, "percent_branches_covered": 100.0, "percent_branches_covered_display": "100"}, "missing_lines": [405], "excluded_lines": [], "start_line": 403, "executed_branches": [], "missing_branches": []}, "Header.get_lines": {"executed_lines": [], "summary": {"covered_lines": 0, "num_statements": 3, "percent_covered": 0.0, "percent_covered_display": "0", "missing_lines": 3, "excluded_lines": 0, "percent_statements_covered": 0.0, "percent_statements_covered_display": "0", "num_branches": 2, "num_partial_branches": 0, "covered_branches": 0, "missing_branches": 2, "percent_branches_covered": 0.0, "percent_branches_covered_display": "0"}, "missing_lines": [409, 410, 412], "excluded_lines": [], "start_line": 407, "executed_branches": [], "missing_branches": [[409, 410], [409, 412]]}, "Header.has_header_line": {"executed_lines": [], "summary": {"covered_lines": 0, "num_statements": 3, "percent_covered": 0.0, "percent_covered_display": "0", "missing_lines": 3, "excluded_lines": 0, "percent_statements_covered": 0.0, "percent_statements_covered_display": "0", "num_branches": 2, "num_partial_branches": 0, "covered_branches": 0, "missing_branches": 2, "percent_branches_covered": 0.0, "percent_branches_covered_display": "0"}, "missing_lines": [424, 425, 427], "excluded_lines": [], "start_line": 414, "executed_branches": [], "missing_branches": [[424, 425], [424, 427]]}, "Header.add_line": {"executed_lines": [], "summary": {"covered_lines": 0, "num_statements": 6, "percent_covered": 0.0, "percent_covered_display": "0", "missing_lines": 6, "excluded_lines": 3, "percent_statements_covered": 0.0, "percent_statements_covered_display": "0", "num_branches": 0, "num_partial_branches": 0, "covered_branches": 0, "missing_branches": 0, "percent_branches_covered": 100.0, "percent_branches_covered_display": "100"}, "missing_lines": [434, 435, 436, 437, 447, 448], "excluded_lines": [438, 439, 445], "start_line": 429, "executed_branches": [], "missing_branches": []}, "Header.get_info_field_info": {"executed_lines": [], "summary": {"covered_lines": 0, "num_statements": 1, "percent_covered": 0.0, "percent_covered_display": "0", "missing_lines": 1, "excluded_lines": 0, "percent_statements_covered": 0.0, "percent_statements_covered_display": "0", "num_branches": 0, "num_partial_branches": 0, "covered_branches": 0, "missing_branches": 0, "percent_branches_covered": 100.0, "percent_branches_covered_display": "100"}, "missing_lines": [452], "excluded_lines": [], "start_line": 450, "executed_branches": [], "missing_branches": []}, "Header.get_format_field_info": {"executed_lines": [], "summary": {"covered_lines": 0, "num_statements": 1, "percent_covered": 0.0, "percent_covered_display": "0", "missing_lines": 1, "excluded_lines": 0, "percent_statements_covered": 0.0, "percent_statements_covered_display": "0", "num_branches": 0, "num_partial_branches": 0, "covered_branches": 0, "missing_branches": 0, "percent_branches_covered": 100.0, "percent_branches_covered_display": "100"}, "missing_lines": [456], "excluded_lines": [], "start_line": 454, "executed_branches": [], "missing_branches": []}, "Header._get_field_info": {"executed_lines": [], "summary": {"covered_lines": 0, "num_statements": 8, "percent_covered": 0.0, "percent_covered_display": "0", "missing_lines": 8, "excluded_lines": 0, "percent_statements_covered": 0.0, "percent_statements_covered_display": "0", "num_branches": 4, "num_partial_branches": 0, "covered_branches": 0, "missing_branches": 4, "percent_branches_covered": 0.0, "percent_branches_covered_display": "0"}, "missing_lines": [459, 460, 461, 467, 468, 470, 471, 475], "excluded_lines": [], "start_line": 458, "executed_branches": [], "missing_branches": [[460, 461], [460, 467], [467, 468], [467, 470]]}, "Header.__eq__": {"executed_lines": [], "summary": {"covered_lines": 0, "num_statements": 2, "percent_covered": 0.0, "percent_covered_display": "0", "missing_lines": 2, "excluded_lines": 1, "percent_statements_covered": 0.0, "percent_statements_covered_display": "0", "num_branches": 0, "num_partial_branches": 0, "covered_branches": 0, "missing_branches": 0, "percent_branches_covered": 100.0, "percent_branches_covered_display": "100"}, "missing_lines": [478, 479], "excluded_lines": [480], "start_line": 477, "executed_branches": [], "missing_branches": []}, "Header.__ne__": {"executed_lines": [], "summary": {"covered_lines": 0, "num_statements": 2, "percent_covered": 0.0, "percent_covered_display": "0", "missing_lines": 2, "excluded_lines": 1, "percent_statements_covered": 0.0, "percent_statements_covered_display": "0", "num_branches": 0, "num_partial_branches": 0, "covered_branches": 0, "missing_branches": 0, "percent_branches_covered": 100.0, "percent_branches_covered_display": "100"}, "missing_lines": [483, 484], "excluded_lines": [485], "start_line": 482, "executed_branches": [], "missing_branches": []}, "Header.__hash__": {"executed_lines": [], "summary": {"covered_lines": 0, "num_statements": 1, "percent_covered": 0.0, "percent_covered_display": "0", "missing_lines": 1, "excluded_lines": 0, "percent_statements_covered": 0.0, "percent_statements_covered_display": "0", "num_branches": 0, "num_partial_branches": 0, "covered_branches": 0, "missing_branches": 0, "percent_branches_covered": 100.0, "percent_branches_covered_display": "100"}, "missing_lines": [488], "excluded_lines": [], "start_line": 487, "executed_branches": [], "missing_branches": []}, "Header.__str__": {"executed_lines": [], "summary": {"covered_lines": 0, "num_statements": 2, "percent_covered": 0.0, "percent_covered_display": "0", "missing_lines": 2, "excluded_lines": 0, "percent_statements_covered": 0.0, "percent_statements_covered_display": "0", "num_branches": 0, "num_partial_branches": 0, "covered_branches": 0, "missing_branches": 0, "percent_branches_covered": 100.0, "percent_branches_covered_display": "100"}, "missing_lines": [491, 492], "excluded_lines": [], "start_line": 490, "executed_branches": [], "missing_branches": []}, "Header.__repr__": {"executed_lines": [], "summary": {"covered_lines": 0, "num_statements": 1, "percent_covered": 0.0, "percent_covered_display": "0", "missing_lines": 1, "excluded_lines": 0, "percent_statements_covered": 0.0, "percent_statements_covered_display": "0", "num_branches": 0, "num_partial_branches": 0, "covered_branches": 0, "missing_branches": 0, "percent_branches_covered": 100.0, "percent_branches_covered_display": "100"}, "missing_lines": [495], "excluded_lines": [], "start_line": 494, "executed_branches": [], "missing_branches": []}, "HeaderLine.__init__": {"executed_lines": [], "summary": {"covered_lines": 0, "num_statements": 2, "percent_covered": 0.0, "percent_covered_display": "0", "missing_lines": 2, "excluded_lines": 0, "percent_statements_covered": 0.0, "percent_statements_covered_display": "0", "num_branches": 0, "num_partial_branches": 0, "covered_branches": 0, "missing_branches": 0, "percent_branches_covered": 100.0, "percent_branches_covered_display": "100"}, "missing_lines": [503, 505], "excluded_lines": [], "start_line": 501, "executed_branches": [], "missing_branches": []}, "HeaderLine.copy": {"executed_lines": [], "summary": {"covered_lines": 0, "num_statements": 1, "percent_covered": 0.0, "percent_covered_display": "0", "missing_lines": 1, "excluded_lines": 0, "percent_statements_covered": 0.0, "percent_statements_covered_display": "0", "num_branches": 0, "num_partial_branches": 0, "covered_branches": 0, "missing_branches": 0, "percent_branches_covered": 100.0, "percent_branches_covered_display": "100"}, "missing_lines": [509], "excluded_lines": [], "start_line": 507, "executed_branches": [], "missing_branches": []}, "HeaderLine.value": {"executed_lines": [], "summary": {"covered_lines": 0, "num_statements": 1, "percent_covered": 0.0, "percent_covered_display": "0", "missing_lines": 1, "excluded_lines": 0, "percent_statements_covered": 0.0, "percent_statements_covered_display": "0", "num_branches": 0, "num_partial_branches": 0, "covered_branches": 0, "missing_branches": 0, "percent_branches_covered": 100.0, "percent_branches_covered_display": "100"}, "missing_lines": [513], "excluded_lines": [], "start_line": 512, "executed_branches": [], "missing_branches": []}, "HeaderLine.serialize": {"executed_lines": [], "summary": {"covered_lines": 0, "num_statements": 1, "percent_covered": 0.0, "percent_covered_display": "0", "missing_lines": 1, "excluded_lines": 0, "percent_statements_covered": 0.0, "percent_statements_covered_display": "0", "num_branches": 0, "num_partial_branches": 0, "covered_branches": 0, "missing_branches": 0, "percent_branches_covered": 100.0, "percent_branches_covered_display": "100"}, "missing_lines": [517], "excluded_lines": [], "start_line": 515, "executed_branches": [], "missing_branches": []}, "HeaderLine.__eq__": {"executed_lines": [], "summary": {"covered_lines": 0, "num_statements": 2, "percent_covered": 0.0, "percent_covered_display": "0", "missing_lines": 2, "excluded_lines": 1, "percent_statements_covered": 0.0, "percent_statements_covered_display": "0", "num_branches": 0, "num_partial_branches": 0, "covered_branches": 0, "missing_branches": 0, "percent_branches_covered": 100.0, "percent_branches_covered_display": "100"}, "missing_lines": [520, 521], "excluded_lines": [522], "start_line": 519, "executed_branches": [], "missing_branches": []}, "HeaderLine.__ne__": {"executed_lines": [], "summary": {"covered_lines": 0, "num_statements": 2, "percent_covered": 0.0, "percent_covered_display": "0", "missing_lines": 2, "excluded_lines": 1, "percent_statements_covered": 0.0, "percent_statements_covered_display": "0", "num_branches": 0, "num_partial_branches": 0, "covered_branches": 0, "missing_branches": 0, "percent_branches_covered": 100.0, "percent_branches_covered_display": "100"}, "missing_lines": [525, 526], "excluded_lines": [527], "start_line": 524, "executed_branches": [], "missing_branches": []}, "HeaderLine.__hash__": {"executed_lines": [], "summary": {"covered_lines": 0, "num_statements": 1, "percent_covered": 0.0, "percent_covered_display": "0", "missing_lines": 1, "excluded_lines": 0, "percent_statements_covered": 0.0, "percent_statements_covered_display": "0", "num_branches": 0, "num_partial_branches": 0, "covered_branches": 0, "missing_branches": 0, "percent_branches_covered": 100.0, "percent_branches_covered_display": "100"}, "missing_lines": [530], "excluded_lines": [], "start_line": 529, "executed_branches": [], "missing_branches": []}, "HeaderLine.__str__": {"executed_lines": [], "summary": {"covered_lines": 0, "num_statements": 1, "percent_covered": 0.0, "percent_covered_display": "0", "missing_lines": 1, "excluded_lines": 0, "percent_statements_covered": 0.0, "percent_statements_covered_display": "0", "num_branches": 0, "num_partial_branches": 0, "covered_branches": 0, "missing_branches": 0, "percent_branches_covered": 100.0, "percent_branches_covered_display": "100"}, "missing_lines": [533], "excluded_lines": [], "start_line": 532, "executed_branches": [], "missing_branches": []}, "HeaderLine.__repr__": {"executed_lines": [], "summary": {"covered_lines": 0, "num_statements": 1, "percent_covered": 0.0, "percent
[...]
hes": 0, "covered_branches": 0, "missing_branches": 0, "percent_branches_covered": 100.0, "percent_branches_covered_display": "100"}, "missing_lines": [], "excluded_lines": [], "start_line": 34, "executed_branches": [], "missing_branches": []}, "SequenceIndex": {"executed_lines": [], "summary": {"covered_lines": 0, "num_statements": 0, "percent_covered": 100.0, "percent_covered_display": "100", "missing_lines": 0, "excluded_lines": 0, "percent_statements_covered": 100.0, "percent_statements_covered_display": "100", "num_branches": 0, "num_partial_branches": 0, "covered_branches": 0, "missing_branches": 0, "percent_branches_covered": 100.0, "percent_branches_covered_display": "100"}, "missing_lines": [], "excluded_lines": [], "start_line": 44, "executed_branches": [], "missing_branches": []}, "TabixIndex": {"executed_lines": [], "summary": {"covered_lines": 0, "num_statements": 0, "percent_covered": 100.0, "percent_covered_display": "100", "missing_lines": 0, "excluded_lines": 0, "percent_statements_covered": 100.0, "percent_statements_covered_display": "100", "num_branches": 0, "num_partial_branches": 0, "covered_branches": 0, "missing_branches": 0, "percent_branches_covered": 100.0, "percent_branches_covered_display": "100"}, "missing_lines": [], "excluded_lines": [], "start_line": 54, "executed_branches": [], "missing_branches": []}, "TabixFile": {"executed_lines": [], "summary": {"covered_lines": 0, "num_statements": 30, "percent_covered": 0.0, "percent_covered_display": "0", "missing_lines": 30, "excluded_lines": 2, "percent_statements_covered": 0.0, "percent_statements_covered_display": "0", "num_branches": 12, "num_partial_branches": 0, "covered_branches": 0, "missing_branches": 12, "percent_branches_covered": 0.0, "percent_branches_covered_display": "0"}, "missing_lines": [196, 197, 198, 199, 200, 211, 212, 213, 214, 218, 219, 220, 221, 222, 223, 224, 226, 227, 228, 230, 231, 232, 233, 236, 237, 240, 252, 253, 256, 259], "excluded_lines": [250, 251], "start_line": 186, "executed_branches": [], "missing_branches": [[211, 212], [211, 213], [213, 214], [213, 218], [218, 219], [218, 233], [219, 220], [219, 230], [221, 222], [221, 226], [236, 237], [236, 240]]}, "TabixFileIter": {"executed_lines": [], "summary": {"covered_lines": 0, "num_statements": 106, "percent_covered": 0.0, "percent_covered_display": "0", "missing_lines": 106, "excluded_lines": 23, "percent_statements_covered": 0.0, "percent_statements_covered_display": "0", "num_branches": 50, "num_partial_branches": 0, "covered_branches": 0, "missing_branches": 50, "percent_branches_covered": 0.0, "percent_branches_covered_display": "0"}, "missing_lines": [282, 283, 284, 285, 286, 293, 296, 297, 298, 299, 300, 303, 307, 310, 313, 317, 319, 321, 322, 324, 325, 328, 329, 330, 331, 332, 334, 335, 336, 338, 341, 342, 345, 348, 351, 352, 353, 354, 355, 357, 358, 361, 364, 365, 368, 370, 373, 374, 375, 376, 378, 384, 386, 391, 393, 394, 395, 399, 400, 402, 403, 406, 408, 409, 411, 412, 416, 417, 419, 420, 421, 428, 431, 434, 437, 440, 441, 442, 449, 453, 454, 464, 465, 467, 468, 470, 477, 485, 487, 489, 490, 491, 494, 495, 496, 503, 504, 507, 508, 512, 513, 514, 515, 521, 522, 523], "excluded_lines": [289, 290, 381, 382, 413, 414, 443, 445, 446, 447, 457, 458, 471, 473, 481, 482, 499, 500, 516, 517, 518, 525, 527], "start_line": 262, "executed_branches": [], "missing_branches": [[307, 310], [307, 341], [321, 322], [321, 338], [322, 321], [322, 324], [324, 325], [324, 328], [329, 330], [329, 334], [330, 329], [330, 331], [334, 322], [334, 335], [352, 353], [352, 361], [353, 352], [353, 354], [355, 352], [355, 357], [357, 355], [357, 358], [364, 365], [364, 368], [368, 370], [368, 386], [374, 375], [374, 384], [393, 394], [393, 395], [399, 400], [399, 402], [411, 412], [411, 419], [464, 465], [464, 467], [467, 468], [467, 470], [487, 489], [487, 494], [489, 490], [489, 494], [494, 485], [494, 495], [503, 504], [503, 507], [513, 514], [513, 521], [521, 494], [521, 522]]}, "": {"executed_lines": [], "summary": {"covered_lines": 0, "num_statements": 102, "percent_covered": 0.0, "percent_covered_display": "0", "missing_lines": 102, "excluded_lines": 2, "percent_statements_covered": 0.0, "percent_statements_covered_display": "0", "num_branches": 16, "num_partial_branches": 0, "covered_branches": 0, "missing_branches": 16, "percent_branches_covered": 0.0, "percent_branches_covered_display": "0"}, "missing_lines": [3, 4, 5, 6, 7, 9, 12, 16, 18, 20, 23, 24, 28, 30, 33, 34, 38, 40, 43, 44, 48, 50, 53, 54, 58, 60, 62, 64, 66, 68, 70, 72, 75, 84, 85, 88, 89, 91, 92, 93, 94, 95, 96, 97, 100, 103, 109, 111, 112, 113, 116, 117, 118, 119, 120, 121, 122, 123, 126, 127, 128, 131, 134, 136, 138, 140, 141, 142, 145, 146, 147, 148, 149, 151, 154, 155, 156, 157, 158, 160, 163, 164, 165, 166, 167, 172, 174, 186, 189, 202, 248, 255, 258, 262, 265, 305, 388, 397, 423, 451, 475, 479], "excluded_lines": [168, 169], "start_line": 1, "executed_branches": [], "missing_branches": [[91, 92], [91, 100], [94, 95], [94, 96], [112, 113], [112, 116], [134, 136], [134, 163], [140, 141], [140, 154], [146, 147], [146, 151], [156, 157], [156, 160], [166, 167], [166, 172]]}}}, "C:\\Users\\miaot\\AppData\\Local\\Programs\\Python\\Python312\\Lib\\site-packages\\vcfpy\\version.py": {"executed_lines": [], "summary": {"covered_lines": 0, "num_statements": 1, "percent_covered": 0.0, "percent_covered_display": "0", "missing_lines": 1, "excluded_lines": 0, "percent_statements_covered": 0.0, "percent_statements_covered_display": "0", "num_branches": 0, "num_partial_branches": 0, "covered_branches": 0, "missing_branches": 0, "percent_branches_covered": 100.0, "percent_branches_covered_display": "100"}, "missing_lines": [1], "excluded_lines": [], "executed_branches": [], "missing_branches": [], "functions": {"": {"executed_lines": [], "summary": {"covered_lines": 0, "num_statements": 1, "percent_covered": 0.0, "percent_covered_display": "0", "missing_lines": 1, "excluded_lines": 0, "percent_statements_covered": 0.0, "percent_statements_covered_display": "0", "num_branches": 0, "num_partial_branches": 0, "covered_branches": 0, "missing_branches": 0, "percent_branches_covered": 100.0, "percent_branches_covered_display": "100"}, "missing_lines": [1], "excluded_lines": [], "start_line": 1, "executed_branches": [], "missing_branches": []}}, "classes": {"": {"executed_lines": [], "summary": {"covered_lines": 0, "num_statements": 1, "percent_covered": 0.0, "percent_covered_display": "0", "missing_lines": 1, "excluded_lines": 0, "percent_statements_covered": 0.0, "percent_statements_covered_display": "0", "num_branches": 0, "num_partial_branches": 0, "covered_branches": 0, "missing_branches": 0, "percent_branches_covered": 100.0, "percent_branches_covered_display": "100"}, "missing_lines": [1], "excluded_lines": [], "start_line": 1, "executed_branches": [], "missing_branches": []}}}, "C:\\Users\\miaot\\AppData\\Local\\Programs\\Python\\Python312\\Lib\\site-packages\\vcfpy\\writer.py": {"executed_lines": [], "summary": {"covered_lines": 0, "num_statements": 99, "percent_covered": 0.0, "percent_covered_display": "0", "missing_lines": 99, "excluded_lines": 2, "percent_statements_covered": 0.0, "percent_statements_covered_display": "0", "num_branches": 40, "num_partial_branches": 0, "covered_branches": 0, "missing_branches": 40, "percent_branches_covered": 0.0, "percent_branches_covered_display": "0"}, "missing_lines": [7, 8, 9, 11, 12, 14, 17, 24, 25, 26, 27, 29, 30, 32, 35, 39, 40, 41, 42, 43, 44, 45, 46, 48, 52, 53, 55, 58, 71, 72, 93, 94, 95, 96, 98, 99, 101, 102, 109, 110, 111, 112, 114, 115, 117, 119, 122, 124, 126, 128, 130, 131, 132, 133, 138, 140, 142, 144, 147, 149, 151, 152, 153, 154, 155, 156, 158, 159, 160, 161, 162, 163, 164, 165, 167, 168, 169, 171, 173, 174, 175, 176, 177, 179, 180, 182, 184, 185, 187, 190, 192, 193, 195, 196, 198, 200, 201, 203, 204], "excluded_lines": [50, 51], "executed_branches": [], "missing_branches": [[24, 25], [24, 29], [25, 26], [25, 29], [26, 27], [26, 29], [29, 30], [29, 32], [39, 40], [39, 44], [40, 41], [40, 42], [42, -35], [42, 43], [45, 46], [45, 48], [52, 53], [52, 55], [94, 95], [94, 98], [111, 112], [111, 114], [130, 131], [130, 132], [132, 133], [132, 138], [155, 156], [155, 158], [162, 163], [162, 164], [164, 165], [164, 167], [174, 175], [174, 180], [176, 177], [176, 179], [184, 185], [184, 187], [195, 196], [195, 198]], "functions": {"format_atomic": {"executed_lines": [], "summary": {"covered_lines": 0, "num_statements": 7, "percent_covered": 0.0, "percent_covered_display": "0", "missing_lines": 7, "excluded_lines": 0, "percent_statements_covered": 0.0, "percent_statements_covered_display": "0", "num_branches": 8, "num_partial_branches": 0, "covered_branches": 0, "missing_branches": 8, "percent_branches_covered": 0.0, "percent_branches_covered_display": "0"}, "missing_lines": [24, 25, 26, 27, 29, 30, 32], "excluded_lines": [], "start_line": 17, "executed_branches": [], "missing_branches": [[24, 25], [24, 29], [25, 26], [25, 29], [26, 27], [26, 29], [29, 30], [29, 32]]}, "format_value": {"executed_lines": [], "summary": {"covered_lines": 0, "num_statements": 12, "percent_covered": 0.0, "percent_covered_display": "0", "missing_lines": 12, "excluded_lines": 2, "percent_statements_covered": 0.0, "percent_statements_covered_display": "0", "num_branches": 10, "num_partial_branches": 0, "covered_branches": 0, "missing_branches": 10, "percent_branches_covered": 0.0, "percent_branches_covered_display": "0"}, "missing_lines": [39, 40, 41, 42, 43, 44, 45, 46, 48, 52, 53, 55], "excluded_lines": [50, 51], "start_line": 35, "executed_branches": [], "missing_branches": [[39, 40], [39, 44], [40, 41], [40, 42], [42, -35], [42, 43], [45, 46], [45, 48], [52, 53], [52, 55]]}, "Writer.from_stream": {"executed_lines": [], "summary": {"covered_lines": 0, "num_statements": 6, "percent_covered": 0.0, "percent_covered_display": "0", "missing_lines": 6, "excluded_lines": 0, "percent_statements_covered": 0.0, "percent_statements_covered_display": "0", "num_branches": 2, "num_partial_branches": 0, "covered_branches": 0, "missing_branches": 2, "percent_branches_covered": 0.0, "percent_branches_covered_display": "0"}, "missing_lines": [93, 94, 95, 96, 98, 99], "excluded_lines": [], "start_line": 72, "executed_branches": [], "missing_branches": [[94, 95], [94, 98]]}, "Writer.from_path": {"executed_lines": [], "summary": {"covered_lines": 0, "num_statements": 6, "percent_covered": 0.0, "percent_covered_display": "0", "missing_lines": 6, "excluded_lines": 0, "percent_statements_covered": 0.0, "percent_statements_covered_display": "0", "num_branches": 2, "num_partial_branches": 0, "covered_branches": 0, "missing_branches": 2, "percent_branches_covered": 0.0, "percent_branches_covered_display": "0"}, "missing_lines": [109, 110, 111, 112, 114, 115], "excluded_lines": [], "start_line": 102, "executed_branches": [], "missing_branches": [[111, 112], [111, 114]]}, "Writer.__init__": {"executed_lines": [], "summary": {"covered_lines": 0, "num_statements": 4, "percent_covered": 0.0, "percent_covered_display": "0", "missing_lines": 4, "excluded_lines": 0, "percent_statements_covered": 0.0, "percent_statements_covered_display": "0", "num_branches": 0, "num_partial_branches": 0, "covered_branches": 0, "missing_branches": 0, "percent_branches_covered": 100.0, "percent_branches_covered_display": "100"}, "missing_lines": [119, 122, 124, 126], "excluded_lines": [], "start_line": 117, "executed_branches": [], "missing_branches": []}, "Writer._write_header": {"executed_lines": [], "summary": {"covered_lines": 0, "num_statements": 5, "percent_covered": 0.0, "percent_covered_display": "0", "missing_lines": 5, "excluded_lines": 0, "percent_statements_covered": 0.0, "percent_statements_covered_display": "0", "num_branches": 4, "num_partial_branches": 0, "covered_branches": 0, "missing_branches": 4, "percent_branches_covered": 0.0, "percent_branches_covered_display": "0"}, "missing_lines": [130, 131, 132, 133, 138], "excluded_lines": [], "start_line": 128, "executed_branches": [], "missing_branches": [[130, 131], [130, 132], [132, 133], [132, 138]]}, "Writer.close": {"executed_lines": [], "summary": {"covered_lines": 0, "num_statements": 1, "percent_covered": 0.0, "percent_covered_display": "0", "missing_lines": 1, "excluded_lines": 0, "percent_statements_covered": 0.0, "percent_statements_covered_display": "0", "num_branches": 0, "num_partial_branches": 0, "covered_branches": 0, "missing_branches": 0, "percent_branches_covered": 100.0, "percent_branches_covered_display": "100"}, "missing_lines": [142], "excluded_lines": [], "start_line": 140, "executed_branches": [], "missing_branches": []}, "Writer.write_record": {"executed_lines": [], "summary": {"covered_lines": 0, "num_statements": 1, "percent_covered": 0.0, "percent_covered_display": "0", "missing_lines": 1, "excluded_lines": 0, "percent_statements_covered": 0.0, "percent_statements_covered_display": "0", "num_branches": 0, "num_partial_branches": 0, "covered_branches": 0, "missing_branches": 0, "percent_branches_covered": 100.0, "percent_branches_covered_display": "100"}, "missing_lines": [147], "excluded_lines": [], "start_line": 144, "executed_branches": [], "missing_branches": []}, "Writer._serialize_record": {"executed_lines": [], "summary": {"covered_lines": 0, "num_statements": 17, "percent_covered": 0.0, "percent_covered_display": "0", "missing_lines": 17, "excluded_lines": 0, "percent_statements_covered": 0.0, "percent_statements_covered_display": "0", "num_branches": 6, "num_partial_branches": 0, "covered_branches": 0, "missing_branches": 6, "percent_branches_covered": 0.0, "percent_branches_covered_display": "0"}, "missing_lines": [151, 152, 153, 154, 155, 156, 158, 159, 160, 161, 162, 163, 164, 165, 167, 168, 169], "excluded_lines": [], "start_line": 149, "executed_branches": [], "missing_branches": [[155, 156], [155, 158], [162, 163], [162, 164], [164, 165], [164, 167]]}, "Writer._serialize_info": {"executed_lines": [], "summary": {"covered_lines": 0, "num_statements": 7, "percent_covered": 0.0, "percent_covered_display": "0", "missing_lines": 7, "excluded_lines": 0, "percent_statements_covered": 0.0, "percent_statements_covered_display": "0", "num_branches": 4, "num_partial_branches": 0, "covered_branches": 0, "missing_branches": 4, "percent_branches_covered": 0.0, "percent_branches_covered_display": "0"}, "missing_lines": [173, 174, 175, 176, 177, 179, 180], "excluded_lines": [], "start_line": 171, "executed_branches": [], "missing_branches": [[174, 175], [174, 180], [176, 177], [176, 179]]}, "Writer._serialize_call": {"executed_lines": [], "summary": {"covered_lines": 0, "num_statements": 4, "percent_covered": 0.0, "percent_covered_display": "0", "missing_lines": 4, "excluded_lines": 0, "percent_statements_covered": 0.0, "percent_statements_covered_display": "0", "num_branches": 2, "num_partial_branches": 0, "covered_branches": 0, "missing_branches": 2, "percent_branches_covered": 0.0, "percent_branches_covered_display": "0"}, "missing_lines": [184, 185, 187, 190], "excluded_lines": [], "start_line": 182, "executed_branches": [], "missing_branches": [[184, 185], [184, 187]]}, "Writer._empty_to_dot": {"executed_lines": [], "summary": {"covered_lines": 0, "num_statements": 3, "percent_covered": 0.0, "percent_covered_display": "0", "missing_lines": 3, "excluded_lines": 0, "percent_statements_covered": 0.0, "percent_statements_covered_display": "0", "num_branches": 2, "num_partial_branches": 0, "covered_branches": 0, "missing_branches": 2, "percent_branches_covered": 0.0, "percent_branches_covered_display": "0"}, "missing_lines": [195, 196, 198], "excluded_lines": [], "start_line": 193, "executed_branches": [], "missing_branches": [[195, 196], [195, 198]]}, "Writer.__enter__": {"executed_lines": [], "summary": {"covered_lines": 0, "num_statements": 1, "percent_covered": 0.0, "percent_covered_display": "0", "missing_lines": 1, "excluded_lines": 0, "percent_statements_covered": 0.0, "percent_statements_covered_display": "0", "num_branches": 0, "num_partial_branches": 0, "covered_branches": 0, "missing_branches": 0, "percent_branches_covered": 100.0, "percent_branches_covered_display": "100"}, "missing_lines": [201], "excluded_lines": [], "start_line": 200, "executed_branches": [], "missing_branches": []}, "Writer.__exit__": {"executed_lines": [], "summary": {"covered_lines": 0, "num_statements": 1, "percent_covered": 0.0, "percent_covered_display": "0", "missing_lines": 1, "excluded_lines": 0, "percent_statements_covered": 0.0, "percent_statements_covered_display": "0", "num_branches": 0, "num_partial_branches": 0, "covered_branches": 0, "missing_branches": 0, "percent_branches_covered": 100.0, "percent_branches_covered_display": "100"}, "missing_lines": [204], "excluded_lines": [], "start_line": 203, "executed_branches": [], "missing_branches": []}, "": {"executed_lines": [], "summary": {"covered_lines": 0, "num_statements": 24, "percent_covered": 0.0, "percent_covered_display": "0", "missing_lines": 24, "excluded_lines": 0, "percent_statements_covered": 0.0, "percent_statements_covered_display": "0", "num_branches": 0, "num_partial_branches": 0, "covered_branches": 0, "missing_branches": 0, "percent_branches_covered": 100.0, "percent_branches_covered_display": "100"}, "missing_lines": [7, 8, 9, 11, 12, 14, 17, 35, 58, 71, 72, 101, 102, 117, 128, 140, 144, 149, 171, 182, 192, 193, 200, 203], "excluded_lines": [], "start_line": 1, "executed_branches": [], "missing_branches": []}}, "classes": {"Writer": {"executed_lines": [], "summary": {"covered_lines": 0, "num_statements": 56, "percent_covered": 0.0, "percent_covered_display": "0", "missing_lines": 56, "excluded_lines": 0, "percent_statements_covered": 0.0, "percent_statements_covered_display": "0", "num_branches": 22, "num_partial_branches": 0, "covered_branches": 0, "missing_branches": 22, "percent_branches_covered": 0.0, "percent_branches_covered_display": "0"}, "missing_lines": [93, 94, 95, 96, 98, 99, 109, 110, 111, 112, 114, 115, 119, 122, 124, 126, 130, 131, 132, 133, 138, 142, 147, 151, 152, 153, 154, 155, 156, 158, 159, 160, 161, 162, 163, 164, 165, 167, 168, 169, 173, 174, 175, 176, 177, 179, 180, 184, 185, 187, 190, 195, 196, 198, 201, 204], "excluded_lines": [], "start_line": 58, "executed_branches": [], "missing_branches": [[94, 95], [94, 98], [111, 112], [111, 114], [130, 131], [130, 132], [132, 133], [132, 138], [155, 156], [155, 158], [162, 163], [162, 164], [164, 165], [164, 167], [174, 175], [174, 180], [176, 177], [176, 179], [184, 185], [184, 187], [195, 196], [195, 198]]}, "": {"executed_lines": [], "summary": {"covered_lines": 0, "num_statements": 43, "percent_covered": 0.0, "percent_covered_display": "0", "missing_lines": 43, "excluded_lines": 2, "percent_statements_covered": 0.0, "percent_statements_covered_display": "0", "num_branches": 18, "num_partial_branches": 0, "covered_branches": 0, "missing_branches": 18, "percent_branches_covered": 0.0, "percent_branches_covered_display": "0"}, "missing_lines": [7, 8, 9, 11, 12, 14, 17, 24, 25, 26, 27, 29, 30, 32, 35, 39, 40, 41, 42, 43, 44, 45, 46, 48, 52, 53, 55, 58, 71, 72, 101, 102, 117, 128, 140, 144, 149, 171, 182, 192, 193, 200, 203], "excluded_lines": [50, 51], "start_line": 1, "executed_branches": [], "missing_branches": [[24, 25], [24, 29], [25, 26], [25, 29], [26, 27], [26, 29], [29, 30], [29, 32], [39, 40], [39, 44], [40, 41], [40, 42], [42, -35], [42, 43], [45, 46], [45, 48], [52, 53], [52, 55]]}}}}, "totals": {"covered_lines": 20, "num_statements": 1622, "percent_covered": 1.0385756676557865, "percent_covered_display": "1", "missing_lines": 1602, "excluded_lines": 286, "percent_statements_covered": 1.2330456226880395, "percent_statements_covered_display": "1", "num_branches": 400, "num_partial_branches": 1, "covered_branches": 1, "missing_branches": 399, "percent_branches_covered": 0.25, "percent_branches_covered_display": "1"}}