{"meta": {"format": 3, "version": "7.13.5", "timestamp": "2026-04-20T15:10:07.232031", "branch_coverage": true, "show_contexts": false}, "files": {"C:\\Users\\miaot\\AppData\\Local\\Programs\\Python\\Python312\\Lib\\site-packages\\Bio\\Align\\sam.py": {"executed_lines": [401, 402, 403], "summary": {"covered_lines": 3, "num_statements": 598, "percent_covered": 0.33407572383073497, "percent_covered_display": "1", "missing_lines": 595, "excluded_lines": 0, "percent_statements_covered": 0.5016722408026756, "percent_statements_covered_display": "1", "num_branches": 300, "num_partial_branches": 2, "covered_branches": 0, "missing_branches": 300, "percent_branches_covered": 0.0, "percent_branches_covered_display": "0"}, "missing_lines": [25, 26, 28, 30, 31, 32, 33, 34, 35, 38, 41, 43, 52, 53, 55, 57, 58, 59, 60, 61, 62, 63, 64, 65, 66, 68, 69, 70, 71, 72, 73, 74, 75, 76, 77, 78, 79, 80, 81, 82, 83, 84, 85, 86, 87, 88, 89, 90, 91, 92, 93, 94, 95, 97, 98, 99, 100, 101, 103, 104, 105, 106, 107, 108, 109, 110, 111, 112, 113, 114, 115, 117, 119, 120, 121, 122, 123, 124, 125, 126, 127, 128, 129, 131, 132, 133, 134, 135, 136, 137, 138, 139, 140, 141, 142, 144, 145, 146, 147, 148, 149, 150, 152, 153, 154, 155, 156, 158, 159, 160, 161, 162, 163, 164, 165, 166, 167, 168, 169, 170, 171, 172, 174, 175, 176, 177, 178, 179, 180, 181, 182, 183, 184, 185, 186, 187, 188, 189, 190, 191, 192, 193, 194, 196, 197, 198, 199, 200, 202, 203, 204, 205, 206, 207, 208, 209, 210, 211, 212, 213, 215, 216, 218, 219, 220, 221, 222, 223, 224, 225, 226, 227, 228, 229, 230, 231, 232, 233, 234, 235, 237, 238, 239, 240, 241, 242, 244, 245, 246, 259, 260, 261, 262, 263, 265, 266, 267, 268, 269, 270, 271, 272, 274, 275, 276, 278, 279, 280, 281, 282, 285, 286, 287, 288, 289, 291, 292, 293, 294, 295, 296, 298, 299, 300, 301, 303, 304, 305, 307, 308, 309, 310, 311, 314, 315, 316, 317, 318, 320, 321, 322, 323, 324, 325, 326, 327, 328, 329, 330, 331, 333, 334, 335, 336, 337, 338, 340, 341, 342, 343, 344, 345, 346, 347, 348, 349, 351, 352, 353, 354, 355, 356, 357, 358, 359, 360, 362, 365, 366, 367, 368, 369, 372, 398, 400, 404, 405, 406, 407, 408, 409, 410, 411, 412, 413, 414, 415, 416, 417, 418, 419, 420, 421, 422, 423, 424, 425, 426, 427, 428, 429, 430, 431, 432, 433, 434, 435, 436, 438, 439, 440, 443, 444, 445, 447, 448, 449, 450, 451, 452, 454, 455, 456, 457, 461, 462, 463, 464, 465, 467, 468, 469, 470, 471, 472, 475, 476, 477, 478, 479, 480, 481, 482, 483, 484, 485, 486, 487, 488, 489, 490, 491, 492, 493, 494, 495, 496, 498, 499, 500, 501, 502, 503, 504, 505, 506, 507, 508, 509, 510, 511, 512, 513, 515, 518, 519, 520, 521, 523, 524, 525, 526, 527, 528, 529, 530, 531, 532, 533, 534, 535, 536, 538, 539, 540, 541, 544, 545, 546, 547, 548, 550, 551, 552, 554, 555, 556, 557, 558, 559, 560, 562, 563, 564, 566, 567, 568, 569, 570, 571, 573, 574, 575, 576, 577, 581, 582, 583, 584, 585, 586, 587, 588, 589, 590, 592, 594, 595, 596, 597, 598, 599, 600, 601, 602, 603, 604, 606, 607, 608, 609, 610, 611, 612, 615, 616, 617, 618, 619, 620, 621, 622, 624, 625, 626, 627, 629, 630, 631, 632, 633, 634, 635, 636, 637, 638, 639, 640, 641, 642, 643, 644, 645, 646, 647, 648, 649, 650, 652, 653, 655, 656, 657, 658, 659, 663, 664, 665, 666, 667, 668, 669, 670, 671, 672, 673, 674, 675, 676, 677, 678, 679, 680, 681, 682, 683, 684, 685, 686, 687, 688, 689, 690, 691, 693, 694, 696, 697, 698, 699, 700, 701, 702, 703, 704, 705, 706, 707, 709, 719, 720, 721, 722, 723, 724, 725, 727, 728, 729, 730, 731, 732, 733, 734, 735, 736, 737, 738, 739, 740, 741, 742, 743, 744, 745, 746, 747, 748, 749, 750, 751, 752, 753, 754, 755, 756, 757, 758, 759, 760, 761, 762, 763, 764, 765], "excluded_lines": [], "executed_branches": [], "missing_branches": [[66, 68], [66, 75], [69, 70], [69, 73], [70, 71], [70, 72], [75, 76], [75, 107], [80, 81], [80, 98], [81, 82], [81, 83], [83, 84], [83, 85], [85, 86], [85, 87], [87, 88], [87, 89], [89, 90], [89, 91], [91, 92], [91, 94], [94, 95], [94, 97], [103, 104], [103, 105], [107, -55], [107, 108], [108, 109], [108, 110], [110, 107], [110, 111], [112, 113], [112, 114], [119, 120], [119, 121], [153, 154], [153, 155], [155, 156], [155, 158], [178, 179], [178, 180], [180, 181], [180, 182], [186, 187], [186, 224], [189, 190], [189, 192], [192, 193], [192, 196], [196, 197], [196, 198], [202, 203], [202, 224], [205, 206], [205, 209], [209, 210], [209, 218], [210, 211], [210, 212], [212, 213], [212, 215], [218, 219], [218, 220], [224, 225], [224, 226], [226, 227], [226, 228], [237, 238], [237, 239], [259, 260], [259, 261], [261, 262], [261, 328], [262, 263], [262, 265], [268, 269], [268, 298], [269, 270], [269, 295], [272, 274], [272, 275], [275, 276], [275, 285], [278, 279], [278, 281], [285, 286], [285, 287], [287, 288], [287, 293], [288, 289], [288, 291], [295, 296], [295, 326], [298, 299], [298, 324], [301, 303], [301, 304], [304, 305], [304, 314], [305, 307], [305, 311], [307, 308], [307, 310], [314, 315], [314, 316], [316, 317], [316, 322], [317, 318], [317, 320], [324, 325], [324, 326], [340, 341], [340, 368], [341, 342], [341, 344], [344, 345], [344, 347], [347, 348], [347, 352], [348, 349], [348, 351], [352, 353], [352, 355], [355, 356], [355, 366], [357, 358], [357, 359], [359, 360], [359, 362], [403, 404], [403, 457], [404, 405], [404, 407], [410, 411], [410, 447], [413, 414], [413, 439], [416, 417], [416, 418], [418, 419], [418, 420], [420, 421], [420, 422], [422, 423], [422, 424], [424, 425], [424, 426], [426, 427], [426, 428], [428, 429], [428, 430], [430, 431], [430, 432], [432, 433], [432, 435], [435, 436], [435, 438], [443, 444], [443, 445], [447, 448], [447, 451], [451, 452], [451, 454], [454, 455], [454, 456], [469, -461], [469, 470], [471, 472], [471, 475], [489, 490], [489, 520], [491, 492], [491, 494], [494, 495], [494, 498], [498, 499], [498, 500], [500, 501], [500, 502], [502, 503], [502, 504], [504, 505], [504, 507], [507, 508], [507, 519], [510, 511], [510, 512], [512, 513], [512, 515], [520, 521], [520, 523], [527, 528], [527, 530], [530, 531], [530, 594], [535, 536], [535, 586], [536, 538], [536, 541], [541, 544], [541, 548], [548, 550], [548, 552], [552, 554], [552, 560], [555, 556], [555, 557], [560, 562], [560, 564], [564, 566], [564, 569], [569, 570], [569, 576], [570, 571], [570, 573], [576, 577], [576, 581], [587, 588], [587, 592], [588, 589], [588, 590], [603, 604], [603, 668], [604, 606], [604, 612], [612, 615], [612, 622], [622, 624], [622, 627], [627, 629], [627, 636], [630, 631], [630, 632], [636, 637], [636, 643], [643, 644], [643, 650], [650, 652], [650, 658], [652, 653], [652, 655], [658, 659], [658, 663], [673, 674], [673, 697], [674, 675], [674, 682], [675, 676], [675, 680], [682, 683], [682, 696], [683, 684], [683, 688], [688, 689], [688, 693], [689, 690], [689, 691], [697, 698], [697, 700], [705, 706], [705, 709], [719, 720], [719, 723], [721, 722], [721, 723], [723, 724], [723, 727], [728, 729], [728, 732], [730, 731], [730, 732], [733, 734], [733, 735], [735, 736], [735, 737], [737, 738], [737, 739], [739, 740], [739, 742], [745, 746], [745, 747], [747, 748], [747, 749], [749, 750], [749, 751], [751, 752], [751, 753], [753, 754], [753, 755], [755, 756], [755, 757], [757, 758], [757, 759], [759, 760], [759, 761], [761, 762], [761, 763], [763, 764], [763, 765]], "functions": {"AlignmentWriter.__init__": {"executed_lines": [], "summary": {"covered_lines": 0, "num_statements": 2, "percent_covered": 0.0, "percent_covered_display": "0", "missing_lines": 2, "excluded_lines": 0, "percent_statements_covered": 0.0, "percent_statements_covered_display": "0", "num_branches": 0, "num_partial_branches": 0, "covered_branches": 0, "missing_branches": 0, "percent_branches_covered": 100.0, "percent_branches_covered_display": "100"}, "missing_lines": [52, 53], "excluded_lines": [], "start_line": 43, "executed_branches": [], "missing_branches": []}, "AlignmentWriter.write_header": {"executed_lines": [], "summary": {"covered_lines": 0, "num_statements": 56, "percent_covered": 0.0, "percent_covered_display": "0", "missing_lines": 56, "excluded_lines": 0, "percent_statements_covered": 0.0, "percent_statements_covered_display": "0", "num_branches": 34, "num_partial_branches": 0, "covered_branches": 0, "missing_branches": 34, "percent_branches_covered": 0.0, "percent_branches_covered_display": "0"}, "missing_lines": [57, 58, 59, 60, 61, 62, 63, 64, 65, 66, 68, 69, 70, 71, 72, 73, 74, 75, 76, 77, 78, 79, 80, 81, 82, 83, 84, 85, 86, 87, 88, 89, 90, 91, 92, 93, 94, 95, 97, 98, 99, 100, 101, 103, 104, 105, 106, 107, 108, 109, 110, 111, 112, 113, 114, 115], "excluded_lines": [], "start_line": 55, "executed_branches": [], "missing_branches": [[66, 68], [66, 75], [69, 70], [69, 73], [70, 71], [70, 72], [75, 76], [75, 107], [80, 81], [80, 98], [81, 82], [81, 83], [83, 84], [83, 85], [85, 86], [85, 87], [87, 88], [87, 89], [89, 90], [89, 91], [91, 92], [91, 94], [94, 95], [94, 97], [103, 104], [103, 105], [107, -55], [107, 108], [108, 109], [108, 110], [110, 107], [110, 111], [112, 113], [112, 114]]}, "AlignmentWriter.format_alignment": {"executed_lines": [], "summary": {"covered_lines": 0, "num_statements": 210, "percent_covered": 0.0, "percent_covered_display": "0", "missing_lines": 210, "excluded_lines": 0, "percent_statements_covered": 0.0, "percent_statements_covered_display": "0", "num_branches": 96, "num_partial_branches": 0, "covered_branches": 0, "missing_branches": 96, "percent_branches_covered": 0.0, "percent_branches_covered_display": "0"}, "missing_lines": [119, 120, 121, 122, 123, 124, 125, 126, 127, 128, 129, 131, 132, 133, 134, 135, 136, 137, 138, 139, 140, 141, 142, 144, 145, 146, 147, 148, 149, 150, 152, 153, 154, 155, 156, 158, 159, 160, 161, 162, 163, 164, 165, 166, 167, 168, 169, 170, 171, 172, 174, 175, 176, 177, 178, 179, 180, 181, 182, 183, 184, 185, 186, 187, 188, 189, 190, 191, 192, 193, 194, 196, 197, 198, 199, 200, 202, 203, 204, 205, 206, 207, 208, 209, 210, 211, 212, 213, 215, 216, 218, 219, 220, 221, 222, 223, 224, 225, 226, 227, 228, 229, 230, 231, 232, 233, 234, 235, 237, 238, 239, 240, 241, 242, 244, 245, 246, 259, 260, 261, 262, 263, 265, 266, 267, 268, 269, 270, 271, 272, 274, 275, 276, 278, 279, 280, 281, 282, 285, 286, 287, 288, 289, 291, 292, 293, 294, 295, 296, 298, 299, 300, 301, 303, 304, 305, 307, 308, 309, 310, 311, 314, 315, 316, 317, 318, 320, 321, 322, 323, 324, 325, 326, 327, 328, 329, 330, 331, 333, 334, 335, 336, 337, 338, 340, 341, 342, 343, 344, 345, 346, 347, 348, 349, 351, 352, 353, 354, 355, 356, 357, 358, 359, 360, 362, 365, 366, 367, 368, 369], "excluded_lines": [], "start_line": 117, "executed_branches": [], "missing_branches": [[119, 120], [119, 121], [153, 154], [153, 155], [155, 156], [155, 158], [178, 179], [178, 180], [180, 181], [180, 182], [186, 187], [186, 224], [189, 190], [189, 192], [192, 193], [192, 196], [196, 197], [196, 198], [202, 203], [202, 224], [205, 206], [205, 209], [209, 210], [209, 218], [210, 211], [210, 212], [212, 213], [212, 215], [218, 219], [218, 220], [224, 225], [224, 226], [226, 227], [226, 228], [237, 238], [237, 239], [259, 260], [259, 261], [261, 262], [261, 328], [262, 263], [262, 265], [268, 269], [268, 298], [269, 270], [269, 295], [272, 274], [272, 275], [275, 276], [275, 285], [278, 279], [278, 281], [285, 286], [285, 287], [287, 288], [287, 293], [288, 289], [288, 291], [295, 296], [295, 326], [298, 299], [298, 324], [301, 303], [301, 304], [304, 305], [304, 314], [305, 307], [305, 311], [307, 308], [307, 310], [314, 315], [314, 316], [316, 317], [316, 322], [317, 318], [317, 320], [324, 325], [324, 326], [340, 341], [340, 368], [341, 342], [341, 344], [344, 345], [344, 347], [347, 348], [347, 352], [348, 349], [348, 351], [352, 353], [352, 355], [355, 356], [355, 366], [357, 358], [357, 359], [359, 360], [359, 362]]}, "AlignmentIterator._read_header": {"executed_lines": [401, 402, 403], "summary": {"covered_lines": 3, "num_statements": 52, "percent_covered": 3.409090909090909, "percent_covered_display": "3", "missing_lines": 49, "excluded_lines": 0, "percent_statements_covered": 5.769230769230769, "percent_statements_covered_display": "6", "num_branches": 36, "num_partial_branches": 2, "covered_branches": 0, "missing_branches": 36, "percent_branches_covered": 0.0, "percent_branches_covered_display": "0"}, "missing_lines": [404, 405, 406, 407, 408, 409, 410, 411, 412, 413, 414, 415, 416, 417, 418, 419, 420, 421, 422, 423, 424, 425, 426, 427, 428, 429, 430, 431, 432, 433, 434, 435, 436, 438, 439, 440, 443, 444, 445, 447, 448, 449, 450, 451, 452, 454, 455, 456, 457], "excluded_lines": [], "start_line": 400, "executed_branches": [], "missing_branches": [[403, 404], [403, 457], [404, 405], [404, 407], [410, 411], [410, 447], [413, 414], [413, 439], [416, 417], [416, 418], [418, 419], [418, 420], [420, 421], [420, 422], [422, 423], [422, 424], [424, 425], [424, 426], [426, 427], [426, 428], [428, 429], [428, 430], [430, 431], [430, 432], [432, 433], [432, 435], [435, 436], [435, 438], [443, 444], [443, 445], [447, 448], [447, 451], [451, 452], [451, 454], [454, 455], [454, 456]]}, "AlignmentIterator._read_next_alignment": {"executed_lines": [], "summary": {"covered_lines": 0, "num_statements": 260, "percent_covered": 0.0, "percent_covered_display": "0", "missing_lines": 260, "excluded_lines": 0, "percent_statements_covered": 0.0, "percent_statements_covered_display": "0", "num_branches": 134, "num_partial_branches": 0, "covered_branches": 0, "missing_branches": 134, "percent_branches_covered": 0.0, "percent_branches_covered_display": "0"}, "missing_lines": [462, 463, 464, 465, 467, 468, 469, 470, 471, 472, 475, 476, 477, 478, 479, 480, 481, 482, 483, 484, 485, 486, 487, 488, 489, 490, 491, 492, 493, 494, 495, 496, 498, 499, 500, 501, 502, 503, 504, 505, 506, 507, 508, 509, 510, 511, 512, 513, 515, 518, 519, 520, 521, 523, 524, 525, 526, 527, 528, 529, 530, 531, 532, 533, 534, 535, 536, 538, 539, 540, 541, 544, 545, 546, 547, 548, 550, 551, 552, 554, 555, 556, 557, 558, 559, 560, 562, 563, 564, 566, 567, 568, 569, 570, 571, 573, 574, 575, 576, 577, 581, 582, 583, 584, 585, 586, 587, 588, 589, 590, 592, 594, 595, 596, 597, 598, 599, 600, 601, 602, 603, 604, 606, 607, 608, 609, 610, 611, 612, 615, 616, 617, 618, 619, 620, 621, 622, 624, 625, 626, 627, 629, 630, 631, 632, 633, 634, 635, 636, 637, 638, 639, 640, 641, 642, 643, 644, 645, 646, 647, 648, 649, 650, 652, 653, 655, 656, 657, 658, 659, 663, 664, 665, 666, 667, 668, 669, 670, 671, 672, 673, 674, 675, 676, 677, 678, 679, 680, 681, 682, 683, 684, 685, 686, 687, 688, 689, 690, 691, 693, 694, 696, 697, 698, 699, 700, 701, 702, 703, 704, 705, 706, 707, 709, 719, 720, 721, 722, 723, 724, 725, 727, 728, 729, 730, 731, 732, 733, 734, 735, 736, 737, 738, 739, 740, 741, 742, 743, 744, 745, 746, 747, 748, 749, 750, 751, 752, 753, 754, 755, 756, 757, 758, 759, 760, 761, 762, 763, 764, 765], "excluded_lines": [], "start_line": 461, "executed_branches": [], "missing_branches": [[469, -461], [469, 470], [471, 472], [471, 475], [489, 490], [489, 520], [491, 492], [491, 494], [494, 495], [494, 498], [498, 499], [498, 500], [500, 501], [500, 502], [502, 503], [502, 504], [504, 505], [504, 507], [507, 508], [507, 519], [510, 511], [510, 512], [512, 513], [512, 515], [520, 521], [520, 523], [527, 528], [527, 530], [530, 531], [530, 594], [535, 536], [535, 586], [536, 538], [536, 541], [541, 544], [541, 548], [548, 550], [548, 552], [552, 554], [552, 560], [555, 556], [555, 557], [560, 562], [560, 564], [564, 566], [564, 569], [569, 570], [569, 576], [570, 571], [570, 573], [576, 577], [576, 581], [587, 588], [587, 592], [588, 589], [588, 590], [603, 604], [603, 668], [604, 606], [604, 612], [612, 615], [612, 622], [622, 624], [622, 627], [627, 629], [627, 636], [630, 631], [630, 632], [636, 637], [636, 643], [643, 644], [643, 650], [650, 652], [650, 658], [652, 653], [652, 655], [658, 659], [658, 663], [673, 674], [673, 697], [674, 675], [674, 682], [675, 676], [675, 680], [682, 683], [682, 696], [683, 684], [683, 688], [688, 689], [688, 693], [689, 690], [689, 691], [697, 698], [697, 700], [705, 706], [705, 709], [719, 720], [719, 723], [721, 722], [721, 723], [723, 724], [723, 727], [728, 729], [728, 732], [730, 731], [730, 732], [733, 734], [733, 735], [735, 736], [735, 737], [737, 738], [737, 739], [739, 740], [739, 742], [745, 746], [745, 747], [747, 748], [747, 749], [749, 750], [749, 751], [751, 752], [751, 753], [753, 754], [753, 755], [755, 756], [755, 757], [757, 758], [757, 759], [759, 760], [759, 761], [761, 762], [761, 763], [763, 764], [763, 765]]}, "": {"executed_lines": [], "summary": {"covered_lines": 0, "num_statements": 18, "percent_covered": 0.0, "percent_covered_display": "0", "missing_lines": 18, "excluded_lines": 0, "percent_statements_covered": 0.0, "percent_statements_covered_display": "0", "num_branches": 0, "num_partial_branches": 0, "covered_branches": 0, "missing_branches": 0, "percent_branches_covered": 100.0, "percent_branches_covered_display": "100"}, "missing_lines": [25, 26, 28, 30, 31, 32, 33, 34, 35, 38, 41, 43, 55, 117, 372, 398, 400, 461], "excluded_lines": [], "start_line": 1, "executed_branches": [], "missing_branches": []}}, "classes": {"AlignmentWriter": {"executed_lines": [], "summary": {"covered_lines": 0, "num_statements": 268, "percent_covered": 0.0, "percent_covered_display": "0", "missing_lines": 268, "excluded_lines": 0, "percent_statements_covered": 0.0, "percent_statements_covered_display": "0", "num_branches": 130, "num_partial_branches": 0, "covered_branches": 0, "missing_branches": 130, "percent_branches_covered": 0.0, "percent_branches_covered_display": "0"}, "missing_lines": [52, 53, 57, 58, 59, 60, 61, 62, 63, 64, 65, 66, 68, 69, 70, 71, 72, 73, 74, 75, 76, 77, 78, 79, 80, 81, 82, 83, 84, 85, 86, 87, 88, 89, 90, 91, 92, 93, 94, 95, 97, 98, 99, 100, 101, 103, 104, 105, 106, 107, 108, 109, 110, 111, 112, 113, 114, 115, 119, 120, 121, 122, 123, 124, 125, 126, 127, 128, 129, 131, 132, 133, 134, 135, 136, 137, 138, 139, 140, 141, 142, 144, 145, 146, 147, 148, 149, 150, 152, 153, 154, 155, 156, 158, 159, 160, 161, 162, 163, 164, 165, 166, 167, 168, 169, 170, 171, 172, 174, 175, 176, 177, 178, 179, 180, 181, 182, 183, 184, 185, 186, 187, 188, 189, 190, 191, 192, 193, 194, 196, 197, 198, 199, 200, 202, 203, 204, 205, 206, 207, 208, 209, 210, 211, 212, 213, 215, 216, 218, 219, 220, 221, 222, 223, 224, 225, 226, 227, 228, 229, 230, 231, 232, 233, 234, 235, 237, 238, 239, 240, 241, 242, 244, 245, 246, 259, 260, 261, 262, 263, 265, 266, 267, 268, 269, 270, 271, 272, 274, 275, 276, 278, 279, 280, 281, 282, 285, 286, 287, 288, 289, 291, 292, 293, 294, 295, 296, 298, 299, 300, 301, 303, 304, 305, 307, 308, 309, 310, 311, 314, 315, 316, 317, 318, 320, 321, 322, 323, 324, 325, 326, 327, 328, 329, 330, 331, 333, 334, 335, 336, 337, 338, 340, 341, 342, 343, 344, 345, 346, 347, 348, 349, 351, 352, 353, 354, 355, 356, 357, 358, 359, 360, 362, 365, 366, 367, 368, 369], "excluded_lines": [], "start_line": 38, "executed_branches": [], "missing_branches": [[66, 68], [66, 75], [69, 70], [69, 73], [70, 71], [70, 72], [75, 76], [75, 107], [80, 81], [80, 98], [81, 82], [81, 83], [83, 84], [83, 85], [85, 86], [85, 87], [87, 88], [87, 89], [89, 90], [89, 91], [91, 92], [91, 94], [94, 95], [94, 97], [103, 104], [103, 105], [107, -55], [107, 108], [108, 109], [108, 110], [110, 107], [110, 111], [112, 113], [112, 114], [119, 120], [119, 121], [153, 154], [153, 155], [155, 156], [155, 158], [178, 179], [178, 180], [180, 181], [180, 182], [186, 187], [186, 224], [189, 190], [189, 192], [192, 193], [192, 196], [196, 197], [196, 198], [202, 203], [202, 224], [205, 206], [205, 209], [209, 210], [209, 218], [210, 211], [210, 212], [212, 213], [212, 215], [218, 219], [218, 220], [224, 225], [224, 226], [226, 227], [226, 228], [237, 238], [237, 239], [259, 260], [259, 261], [261, 262], [261, 328], [262, 263], [262, 265], [268, 269], [268, 298], [269, 270], [269, 295], [272, 274], [272, 275], [275, 276], [275, 285], [278, 279], [278, 281], [285, 286], [285, 287], [287, 288], [287, 293], [288, 289], [288, 291], [295, 296], [295, 326], [298, 299], [298, 324], [301, 303], [301, 304], [304, 305], [304, 314], [305, 307], [305, 311], [307, 308], [307, 310], [314, 315], [314, 316], [316, 317], [316, 322], [317, 318], [317, 320], [324, 325], [324, 326], [340, 341], [340, 368], [341, 342], [341, 344], [344, 345], [344, 347], [347, 348], [347, 352], [348, 349], [348, 351], [352, 353], [352, 355], [355, 356], [355, 366], [357, 358], [357, 359], [359, 360], [359, 362]]}, "AlignmentIterator": {"executed_lines": [401, 402, 403], "summary": {"covered_lines": 3, "num_statements": 312, "percent_covered": 0.6224066390041494, "percent_covered_display": "1", "missing_lines": 309, "excluded_lines": 0, "percent_statements_covered": 0.9615384615384616, "percent_statements_covered_display": "1", "num_branches": 170, "num_partial_branches": 2, "covered_branches": 0, "missing_branches": 170, "percent_branches_covered": 0.0, "percent_branches_covered_display": "0"}, "missing_lines": [404, 405, 406, 407, 408, 409, 410, 411, 412, 413, 414, 415, 416, 417, 418, 419, 420, 421, 422, 423, 424, 425, 426, 427, 428, 429, 430, 431, 432, 433, 434, 435, 436, 438, 439, 440, 443, 444, 445, 447, 448, 449, 450, 451, 452, 454, 455, 456, 457, 462, 463, 464, 465, 467, 468, 469, 470, 471, 472, 475, 476, 477, 478, 479, 480, 481, 482, 483, 484, 485, 486, 487, 488, 489, 490, 491, 492, 493, 494, 495, 496, 498, 499, 500, 501, 502, 503, 504, 505, 506, 507, 508, 509, 510, 511, 512, 513, 515, 518, 519, 520, 521, 523, 524, 525, 526, 527, 528, 529, 530, 531, 532, 533, 534, 535, 536, 538, 539, 540, 541, 544, 545, 546, 547, 548, 550, 551, 552, 554, 555, 556, 557, 558, 559, 560, 562, 563, 564, 566, 567, 568, 569, 570, 571, 573, 574, 575, 576, 577, 581, 582, 583, 584, 585, 586, 587, 588, 589, 590, 592, 594, 595, 596, 597, 598, 599, 600, 601, 602, 603, 604, 606, 607, 608, 609, 610, 611, 612, 615, 616, 617, 618, 619, 620, 621, 622, 624, 625, 626, 627, 629, 630, 631, 632, 633, 634, 635, 636, 637, 638, 639, 640, 641, 642, 643, 644, 645, 646, 647, 648, 649, 650, 652, 653, 655, 656, 657, 658, 659, 663, 664, 665, 666, 667, 668, 669, 670, 671, 672, 673, 674, 675, 676, 677, 678, 679, 680, 681, 682, 683, 684, 685, 686, 687, 688, 689, 690, 691, 693, 694, 696, 697, 698, 699, 700, 701, 702, 703, 704, 705, 706, 707, 709, 719, 720, 721, 722, 723, 724, 725, 727, 728, 729, 730, 731, 732, 733, 734, 735, 736, 737, 738, 739, 740, 741, 742, 743, 744, 745, 746, 747, 748, 749, 750, 751, 752, 753, 754, 755, 756, 757, 758, 759, 760, 761, 762, 763, 764, 765], "excluded_lines": [], "start_line": 372, "executed_branches": [], "missing_branches": [[403, 404], [403, 457], [404, 405], [404, 407], [410, 411], [410, 447], [413, 414], [413, 439], [416, 417], [416, 418], [418, 419], [418, 420], [420, 421], [420, 422], [422, 423], [422, 424], [424, 425], [424, 426], [426, 427], [426, 428], [428, 429], [428, 430], [430, 431], [430, 432], [432, 433], [432, 435], [435, 436], [435, 438], [443, 444], [443, 445], [447, 448], [447, 451], [451, 452], [451, 454], [454, 455], [454, 456], [469, -461], [469, 470], [471, 472], [471, 475], [489, 490], [489, 520], [491, 492], [491, 494], [494, 495], [494, 498], [498, 499], [498, 500], [500, 501], [500, 502], [502, 503], [502, 504], [504, 505], [504, 507], [507, 508], [507, 519], [510, 511], [510, 512], [512, 513], [512, 515], [520, 521], [520, 523], [527, 528], [527, 530], [530, 531], [530, 594], [535, 536], [535, 586], [536, 538], [536, 541], [541, 544], [541, 548], [548, 550], [548, 552], [552, 554], [552, 560], [555, 556], [555, 557], [560, 562], [560, 564], [564, 566], [564, 569], [569, 570], [569, 576], [570, 571], [570, 573], [576, 577], [576, 581], [587, 588], [587, 592], [588, 589], [588, 590], [603, 604], [603, 668], [604, 606], [604, 612], [612, 615], [612, 622], [622, 624], [622, 627], [627, 629], [627, 636], [630, 631], [630, 632], [636, 637], [636, 643], [643, 644], [643, 650], [650, 652], [650, 658], [652, 653], [652, 655], [658, 659], [658, 663], [673, 674], [673, 697], [674, 675], [674, 682], [675, 676], [675, 680], [682, 683], [682, 696], [683, 684], [683, 688], [688, 689], [688, 693], [689, 690], [689, 691], [697, 698], [697, 700], [705, 706], [705, 709], [719, 720], [719, 723], [721, 722], [721, 723], [723, 724], [723, 727], [728, 729], [728, 732], [730, 731], [730, 732], [733, 734], [733, 735], [735, 736], [735, 737], [737, 738], [737, 739], [739, 740], [739, 742], [745, 746], [745, 747], [747, 748], [747, 749], [749, 750], [749, 751], [751, 752], [751, 753], [753, 754], [753, 755], [755, 756], [755, 757], [757, 758], [757, 759], [759, 760], [759, 761], [761, 762], [761, 763], [763, 764], [763, 765]]}, "": {"executed_lines": [], "summary": {"covered_lines": 0, "num_statements": 18, "percent_covered": 0.0, "percent_covered_display": "0", "missing_lines": 18, "excluded_lines": 0, "percent_statements_covered": 0.0, "percent_statements_covered_display": "0", "num_branches": 0, "num_partial_branches": 0, "covered_branches": 0, "missing_branches": 0, "percent_branches_covered": 100.0, "percent_branches_covered_display": "100"}, "missing_lines": [25, 26, 28, 30, 31, 32, 33, 34, 35, 38, 41, 43, 55, 117, 372, 398, 400, 461], "excluded_lines": [], "start_line": 1, "executed_branches": [], "missing_branches": []}}}}, "totals": {"covered_lines": 3, "num_statements": 598, "percent_covered": 0.33407572383073497, "percent_covered_display": "1", "missing_lines": 595, "excluded_lines": 0, "percent_statements_covered": 0.5016722408026756, "percent_statements_covered_display": "1", "num_branches": 300, "num_partial_branches": 2, "covered_branches": 0, "missing_branches": 300, "percent_branches_covered": 0.0, "percent_branches_covered_display": "0"}}